2022-11-14 13:19:14.078 [main] DEBUG AbstractDriver - Browser Capabilities: Capabilities {acceptInsecureCerts: true, browserName: firefox}
2022-11-14 13:19:14.226 [main] INFO  TestListener - START google.tests.SearchTests.positiveSearchTest
2022-11-14 13:22:46.637 [main] DEBUG AbstractDriver - Browser Capabilities: Capabilities {acceptInsecureCerts: true, browserName: firefox}
2022-11-14 13:22:46.779 [main] INFO  TestListener - START google.tests.SearchTests.positiveSearchTest
2022-11-14 13:22:46.784 [main] WARN  TestListener - SKIP  google.tests.SearchTests.positiveSearchTest
2022-11-14 13:22:46.785 [main] ERROR TestListener - FAIL  google.tests.SearchTests.positiveSearchTest
2022-11-14 13:22:46.785 [main] ERROR TestListener - null
java.lang.NullPointerException: null
	at com.frameworkium.core.ui.driver.lifecycle.SingleUseDriverLifecycle.getWebDriver(SingleUseDriverLifecycle.java:35) ~[frameworkium-core-3.0.1.jar:?]
	at com.frameworkium.core.ui.UITestLifecycle.getWebDriver(UITestLifecycle.java:138) ~[frameworkium-core-3.0.1.jar:?]
	at com.frameworkium.core.ui.listeners.ScreenshotListener.takeScreenshotAndSaveLocally(ScreenshotListener.java:42) ~[frameworkium-core-3.0.1.jar:?]
	at com.frameworkium.core.ui.listeners.ScreenshotListener.onTestSkipped(ScreenshotListener.java:36) ~[frameworkium-core-3.0.1.jar:?]
	at org.testng.internal.TestListenerHelper.runTestListeners(TestListenerHelper.java:87) ~[testng-7.3.0.jar:?]
	at org.testng.internal.TestInvoker.runTestResultListener(TestInvoker.java:220) ~[testng-7.3.0.jar:?]
	at org.testng.internal.TestInvoker.invokeListenersForSkippedTestResult(TestInvoker.java:447) ~[testng-7.3.0.jar:?]
	at org.testng.internal.TestInvoker.invokeMethod(TestInvoker.java:547) ~[testng-7.3.0.jar:?]
	at org.testng.internal.TestInvoker.invokeTestMethod(TestInvoker.java:174) ~[testng-7.3.0.jar:?]
	at org.testng.internal.MethodRunner.runInSequence(MethodRunner.java:46) ~[testng-7.3.0.jar:?]
	at org.testng.internal.TestInvoker$MethodInvocationAgent.invoke(TestInvoker.java:822) ~[testng-7.3.0.jar:?]
	at org.testng.internal.TestInvoker.invokeTestMethods(TestInvoker.java:147) ~[testng-7.3.0.jar:?]
	at org.testng.internal.TestMethodWorker.invokeTestMethods(TestMethodWorker.java:146) ~[testng-7.3.0.jar:?]
	at org.testng.internal.TestMethodWorker.run(TestMethodWorker.java:128) ~[testng-7.3.0.jar:?]
	at java.util.ArrayList.forEach(ArrayList.java:1259) [?:1.8.0_341]
	at org.testng.TestRunner.privateRun(TestRunner.java:764) [testng-7.3.0.jar:?]
	at org.testng.TestRunner.run(TestRunner.java:585) [testng-7.3.0.jar:?]
	at org.testng.SuiteRunner.runTest(SuiteRunner.java:384) [testng-7.3.0.jar:?]
	at org.testng.SuiteRunner.runSequentially(SuiteRunner.java:378) [testng-7.3.0.jar:?]
	at org.testng.SuiteRunner.privateRun(SuiteRunner.java:337) [testng-7.3.0.jar:?]
	at org.testng.SuiteRunner.run(SuiteRunner.java:286) [testng-7.3.0.jar:?]
	at org.testng.SuiteRunnerWorker.runSuite(SuiteRunnerWorker.java:53) [testng-7.3.0.jar:?]
	at org.testng.SuiteRunnerWorker.run(SuiteRunnerWorker.java:96) [testng-7.3.0.jar:?]
	at org.testng.TestNG.runSuitesSequentially(TestNG.java:1218) [testng-7.3.0.jar:?]
	at org.testng.TestNG.runSuitesLocally(TestNG.java:1140) [testng-7.3.0.jar:?]
	at org.testng.TestNG.runSuites(TestNG.java:1069) [testng-7.3.0.jar:?]
	at org.testng.TestNG.run(TestNG.java:1037) [testng-7.3.0.jar:?]
	at com.intellij.rt.testng.IDEARemoteTestNG.run(IDEARemoteTestNG.java:66) [testng-rt.jar:?]
	at com.intellij.rt.testng.RemoteTestNGStarter.main(RemoteTestNGStarter.java:109) [testng-rt.jar:?]
2022-11-14 13:26:46.393 [main] DEBUG AbstractDriver - Browser Capabilities: Capabilities {acceptInsecureCerts: true, browserName: firefox}
2022-11-14 13:26:46.534 [main] INFO  TestListener - START google.tests.SearchTests.positiveSearchTest
2022-11-14 13:26:46.540 [main] WARN  TestListener - SKIP  google.tests.SearchTests.positiveSearchTest
2022-11-14 13:26:46.540 [main] ERROR TestListener - FAIL  google.tests.SearchTests.positiveSearchTest
2022-11-14 13:26:46.540 [main] ERROR TestListener - null
java.lang.NullPointerException: null
	at com.frameworkium.core.ui.driver.lifecycle.SingleUseDriverLifecycle.getWebDriver(SingleUseDriverLifecycle.java:35) ~[frameworkium-core-3.0.1.jar:?]
	at com.frameworkium.core.ui.UITestLifecycle.getWebDriver(UITestLifecycle.java:138) ~[frameworkium-core-3.0.1.jar:?]
	at com.frameworkium.core.ui.listeners.ScreenshotListener.takeScreenshotAndSaveLocally(ScreenshotListener.java:42) ~[frameworkium-core-3.0.1.jar:?]
	at com.frameworkium.core.ui.listeners.ScreenshotListener.onTestSkipped(ScreenshotListener.java:36) ~[frameworkium-core-3.0.1.jar:?]
	at org.testng.internal.TestListenerHelper.runTestListeners(TestListenerHelper.java:87) ~[testng-7.3.0.jar:?]
	at org.testng.internal.TestInvoker.runTestResultListener(TestInvoker.java:220) ~[testng-7.3.0.jar:?]
	at org.testng.internal.TestInvoker.invokeListenersForSkippedTestResult(TestInvoker.java:447) ~[testng-7.3.0.jar:?]
	at org.testng.internal.TestInvoker.invokeMethod(TestInvoker.java:547) ~[testng-7.3.0.jar:?]
	at org.testng.internal.TestInvoker.invokeTestMethod(TestInvoker.java:174) ~[testng-7.3.0.jar:?]
	at org.testng.internal.MethodRunner.runInSequence(MethodRunner.java:46) ~[testng-7.3.0.jar:?]
	at org.testng.internal.TestInvoker$MethodInvocationAgent.invoke(TestInvoker.java:822) ~[testng-7.3.0.jar:?]
	at org.testng.internal.TestInvoker.invokeTestMethods(TestInvoker.java:147) ~[testng-7.3.0.jar:?]
	at org.testng.internal.TestMethodWorker.invokeTestMethods(TestMethodWorker.java:146) ~[testng-7.3.0.jar:?]
	at org.testng.internal.TestMethodWorker.run(TestMethodWorker.java:128) ~[testng-7.3.0.jar:?]
	at java.util.ArrayList.forEach(ArrayList.java:1259) [?:1.8.0_341]
	at org.testng.TestRunner.privateRun(TestRunner.java:764) [testng-7.3.0.jar:?]
	at org.testng.TestRunner.run(TestRunner.java:585) [testng-7.3.0.jar:?]
	at org.testng.SuiteRunner.runTest(SuiteRunner.java:384) [testng-7.3.0.jar:?]
	at org.testng.SuiteRunner.runSequentially(SuiteRunner.java:378) [testng-7.3.0.jar:?]
	at org.testng.SuiteRunner.privateRun(SuiteRunner.java:337) [testng-7.3.0.jar:?]
	at org.testng.SuiteRunner.run(SuiteRunner.java:286) [testng-7.3.0.jar:?]
	at org.testng.SuiteRunnerWorker.runSuite(SuiteRunnerWorker.java:53) [testng-7.3.0.jar:?]
	at org.testng.SuiteRunnerWorker.run(SuiteRunnerWorker.java:96) [testng-7.3.0.jar:?]
	at org.testng.TestNG.runSuitesSequentially(TestNG.java:1218) [testng-7.3.0.jar:?]
	at org.testng.TestNG.runSuitesLocally(TestNG.java:1140) [testng-7.3.0.jar:?]
	at org.testng.TestNG.runSuites(TestNG.java:1069) [testng-7.3.0.jar:?]
	at org.testng.TestNG.run(TestNG.java:1037) [testng-7.3.0.jar:?]
	at com.intellij.rt.testng.IDEARemoteTestNG.run(IDEARemoteTestNG.java:66) [testng-rt.jar:?]
	at com.intellij.rt.testng.RemoteTestNGStarter.main(RemoteTestNGStarter.java:109) [testng-rt.jar:?]
2022-11-14 13:32:59.351 [main] DEBUG AbstractDriver - Browser Capabilities: Capabilities {acceptInsecureCerts: true, browserName: firefox}
2022-11-14 13:32:59.499 [main] INFO  TestListener - START google.tests.SearchTests.positiveSearchTest
2022-11-14 13:34:19.115 [main] DEBUG AbstractDriver - Browser Capabilities: Capabilities {acceptInsecureCerts: true, browserName: firefox}
2022-11-14 13:34:19.258 [main] INFO  TestListener - START google.tests.SearchTests.positiveSearchTest
2022-11-14 13:38:33.488 [main] DEBUG AbstractDriver - Browser Capabilities: Capabilities {acceptInsecureCerts: true, browserName: firefox}
2022-11-14 13:38:33.662 [main] INFO  TestListener - START google.tests.SearchTests.positiveSearchTest
2022-11-14 13:38:33.667 [main] WARN  TestListener - SKIP  google.tests.SearchTests.positiveSearchTest
2022-11-14 13:38:33.667 [main] ERROR TestListener - FAIL  google.tests.SearchTests.positiveSearchTest
2022-11-14 13:38:33.668 [main] ERROR TestListener - null
java.lang.NullPointerException: null
	at com.frameworkium.core.ui.driver.lifecycle.SingleUseDriverLifecycle.getWebDriver(SingleUseDriverLifecycle.java:35) ~[frameworkium-core-3.0.1.jar:?]
	at com.frameworkium.core.ui.UITestLifecycle.getWebDriver(UITestLifecycle.java:138) ~[frameworkium-core-3.0.1.jar:?]
	at com.frameworkium.core.ui.listeners.ScreenshotListener.takeScreenshotAndSaveLocally(ScreenshotListener.java:42) ~[frameworkium-core-3.0.1.jar:?]
	at com.frameworkium.core.ui.listeners.ScreenshotListener.onTestSkipped(ScreenshotListener.java:36) ~[frameworkium-core-3.0.1.jar:?]
	at org.testng.internal.TestListenerHelper.runTestListeners(TestListenerHelper.java:87) ~[testng-7.3.0.jar:?]
	at org.testng.internal.TestInvoker.runTestResultListener(TestInvoker.java:220) ~[testng-7.3.0.jar:?]
	at org.testng.internal.TestInvoker.invokeListenersForSkippedTestResult(TestInvoker.java:447) ~[testng-7.3.0.jar:?]
	at org.testng.internal.TestInvoker.invokeMethod(TestInvoker.java:547) ~[testng-7.3.0.jar:?]
	at org.testng.internal.TestInvoker.invokeTestMethod(TestInvoker.java:174) ~[testng-7.3.0.jar:?]
	at org.testng.internal.MethodRunner.runInSequence(MethodRunner.java:46) ~[testng-7.3.0.jar:?]
	at org.testng.internal.TestInvoker$MethodInvocationAgent.invoke(TestInvoker.java:822) ~[testng-7.3.0.jar:?]
	at org.testng.internal.TestInvoker.invokeTestMethods(TestInvoker.java:147) ~[testng-7.3.0.jar:?]
	at org.testng.internal.TestMethodWorker.invokeTestMethods(TestMethodWorker.java:146) ~[testng-7.3.0.jar:?]
	at org.testng.internal.TestMethodWorker.run(TestMethodWorker.java:128) ~[testng-7.3.0.jar:?]
	at java.util.ArrayList.forEach(ArrayList.java:1259) [?:1.8.0_341]
	at org.testng.TestRunner.privateRun(TestRunner.java:764) [testng-7.3.0.jar:?]
	at org.testng.TestRunner.run(TestRunner.java:585) [testng-7.3.0.jar:?]
	at org.testng.SuiteRunner.runTest(SuiteRunner.java:384) [testng-7.3.0.jar:?]
	at org.testng.SuiteRunner.runSequentially(SuiteRunner.java:378) [testng-7.3.0.jar:?]
	at org.testng.SuiteRunner.privateRun(SuiteRunner.java:337) [testng-7.3.0.jar:?]
	at org.testng.SuiteRunner.run(SuiteRunner.java:286) [testng-7.3.0.jar:?]
	at org.testng.SuiteRunnerWorker.runSuite(SuiteRunnerWorker.java:53) [testng-7.3.0.jar:?]
	at org.testng.SuiteRunnerWorker.run(SuiteRunnerWorker.java:96) [testng-7.3.0.jar:?]
	at org.testng.TestNG.runSuitesSequentially(TestNG.java:1218) [testng-7.3.0.jar:?]
	at org.testng.TestNG.runSuitesLocally(TestNG.java:1140) [testng-7.3.0.jar:?]
	at org.testng.TestNG.runSuites(TestNG.java:1069) [testng-7.3.0.jar:?]
	at org.testng.TestNG.run(TestNG.java:1037) [testng-7.3.0.jar:?]
	at com.intellij.rt.testng.IDEARemoteTestNG.run(IDEARemoteTestNG.java:66) [testng-rt.jar:?]
	at com.intellij.rt.testng.RemoteTestNGStarter.main(RemoteTestNGStarter.java:109) [testng-rt.jar:?]
2022-11-14 13:38:53.608 [main] DEBUG AbstractDriver - Browser Capabilities: Capabilities {acceptInsecureCerts: true, browserName: firefox}
2022-11-14 13:38:53.755 [main] INFO  TestListener - START google.tests.SearchTests.positiveSearchTest
2022-11-14 13:38:53.759 [main] WARN  TestListener - SKIP  google.tests.SearchTests.positiveSearchTest
2022-11-14 13:38:53.759 [main] ERROR TestListener - FAIL  google.tests.SearchTests.positiveSearchTest
2022-11-14 13:38:53.759 [main] ERROR TestListener - null
java.lang.NullPointerException: null
	at com.frameworkium.core.ui.driver.lifecycle.SingleUseDriverLifecycle.getWebDriver(SingleUseDriverLifecycle.java:35) ~[frameworkium-core-3.0.1.jar:?]
	at com.frameworkium.core.ui.UITestLifecycle.getWebDriver(UITestLifecycle.java:138) ~[frameworkium-core-3.0.1.jar:?]
	at com.frameworkium.core.ui.listeners.ScreenshotListener.takeScreenshotAndSaveLocally(ScreenshotListener.java:42) ~[frameworkium-core-3.0.1.jar:?]
	at com.frameworkium.core.ui.listeners.ScreenshotListener.onTestSkipped(ScreenshotListener.java:36) ~[frameworkium-core-3.0.1.jar:?]
	at org.testng.internal.TestListenerHelper.runTestListeners(TestListenerHelper.java:87) ~[testng-7.3.0.jar:?]
	at org.testng.internal.TestInvoker.runTestResultListener(TestInvoker.java:220) ~[testng-7.3.0.jar:?]
	at org.testng.internal.TestInvoker.invokeListenersForSkippedTestResult(TestInvoker.java:447) ~[testng-7.3.0.jar:?]
	at org.testng.internal.TestInvoker.invokeMethod(TestInvoker.java:547) ~[testng-7.3.0.jar:?]
	at org.testng.internal.TestInvoker.invokeTestMethod(TestInvoker.java:174) ~[testng-7.3.0.jar:?]
	at org.testng.internal.MethodRunner.runInSequence(MethodRunner.java:46) ~[testng-7.3.0.jar:?]
	at org.testng.internal.TestInvoker$MethodInvocationAgent.invoke(TestInvoker.java:822) ~[testng-7.3.0.jar:?]
	at org.testng.internal.TestInvoker.invokeTestMethods(TestInvoker.java:147) ~[testng-7.3.0.jar:?]
	at org.testng.internal.TestMethodWorker.invokeTestMethods(TestMethodWorker.java:146) ~[testng-7.3.0.jar:?]
	at org.testng.internal.TestMethodWorker.run(TestMethodWorker.java:128) ~[testng-7.3.0.jar:?]
	at java.util.ArrayList.forEach(ArrayList.java:1259) [?:1.8.0_341]
	at org.testng.TestRunner.privateRun(TestRunner.java:764) [testng-7.3.0.jar:?]
	at org.testng.TestRunner.run(TestRunner.java:585) [testng-7.3.0.jar:?]
	at org.testng.SuiteRunner.runTest(SuiteRunner.java:384) [testng-7.3.0.jar:?]
	at org.testng.SuiteRunner.runSequentially(SuiteRunner.java:378) [testng-7.3.0.jar:?]
	at org.testng.SuiteRunner.privateRun(SuiteRunner.java:337) [testng-7.3.0.jar:?]
	at org.testng.SuiteRunner.run(SuiteRunner.java:286) [testng-7.3.0.jar:?]
	at org.testng.SuiteRunnerWorker.runSuite(SuiteRunnerWorker.java:53) [testng-7.3.0.jar:?]
	at org.testng.SuiteRunnerWorker.run(SuiteRunnerWorker.java:96) [testng-7.3.0.jar:?]
	at org.testng.TestNG.runSuitesSequentially(TestNG.java:1218) [testng-7.3.0.jar:?]
	at org.testng.TestNG.runSuitesLocally(TestNG.java:1140) [testng-7.3.0.jar:?]
	at org.testng.TestNG.runSuites(TestNG.java:1069) [testng-7.3.0.jar:?]
	at org.testng.TestNG.run(TestNG.java:1037) [testng-7.3.0.jar:?]
	at com.intellij.rt.testng.IDEARemoteTestNG.run(IDEARemoteTestNG.java:66) [testng-rt.jar:?]
	at com.intellij.rt.testng.RemoteTestNGStarter.main(RemoteTestNGStarter.java:109) [testng-rt.jar:?]
2022-11-14 13:41:44.480 [main] DEBUG AbstractDriver - Browser Capabilities: Capabilities {acceptInsecureCerts: true, browserName: firefox}
2022-11-14 13:41:44.655 [main] INFO  TestListener - START google.tests.SearchTests.positiveSearchTest
2022-11-14 13:41:44.661 [main] WARN  TestListener - SKIP  google.tests.SearchTests.positiveSearchTest
2022-11-14 13:41:44.661 [main] ERROR TestListener - FAIL  google.tests.SearchTests.positiveSearchTest
2022-11-14 13:41:44.661 [main] ERROR TestListener - null
java.lang.NullPointerException: null
	at com.frameworkium.core.ui.driver.lifecycle.SingleUseDriverLifecycle.getWebDriver(SingleUseDriverLifecycle.java:35) ~[frameworkium-core-3.0.1.jar:?]
	at com.frameworkium.core.ui.UITestLifecycle.getWebDriver(UITestLifecycle.java:138) ~[frameworkium-core-3.0.1.jar:?]
	at com.frameworkium.core.ui.listeners.ScreenshotListener.takeScreenshotAndSaveLocally(ScreenshotListener.java:42) ~[frameworkium-core-3.0.1.jar:?]
	at com.frameworkium.core.ui.listeners.ScreenshotListener.onTestSkipped(ScreenshotListener.java:36) ~[frameworkium-core-3.0.1.jar:?]
	at org.testng.internal.TestListenerHelper.runTestListeners(TestListenerHelper.java:87) ~[testng-7.3.0.jar:?]
	at org.testng.internal.TestInvoker.runTestResultListener(TestInvoker.java:220) ~[testng-7.3.0.jar:?]
	at org.testng.internal.TestInvoker.invokeListenersForSkippedTestResult(TestInvoker.java:447) ~[testng-7.3.0.jar:?]
	at org.testng.internal.TestInvoker.invokeMethod(TestInvoker.java:547) ~[testng-7.3.0.jar:?]
	at org.testng.internal.TestInvoker.invokeTestMethod(TestInvoker.java:174) ~[testng-7.3.0.jar:?]
	at org.testng.internal.MethodRunner.runInSequence(MethodRunner.java:46) ~[testng-7.3.0.jar:?]
	at org.testng.internal.TestInvoker$MethodInvocationAgent.invoke(TestInvoker.java:822) ~[testng-7.3.0.jar:?]
	at org.testng.internal.TestInvoker.invokeTestMethods(TestInvoker.java:147) ~[testng-7.3.0.jar:?]
	at org.testng.internal.TestMethodWorker.invokeTestMethods(TestMethodWorker.java:146) ~[testng-7.3.0.jar:?]
	at org.testng.internal.TestMethodWorker.run(TestMethodWorker.java:128) ~[testng-7.3.0.jar:?]
	at java.util.ArrayList.forEach(ArrayList.java:1259) [?:1.8.0_341]
	at org.testng.TestRunner.privateRun(TestRunner.java:764) [testng-7.3.0.jar:?]
	at org.testng.TestRunner.run(TestRunner.java:585) [testng-7.3.0.jar:?]
	at org.testng.SuiteRunner.runTest(SuiteRunner.java:384) [testng-7.3.0.jar:?]
	at org.testng.SuiteRunner.runSequentially(SuiteRunner.java:378) [testng-7.3.0.jar:?]
	at org.testng.SuiteRunner.privateRun(SuiteRunner.java:337) [testng-7.3.0.jar:?]
	at org.testng.SuiteRunner.run(SuiteRunner.java:286) [testng-7.3.0.jar:?]
	at org.testng.SuiteRunnerWorker.runSuite(SuiteRunnerWorker.java:53) [testng-7.3.0.jar:?]
	at org.testng.SuiteRunnerWorker.run(SuiteRunnerWorker.java:96) [testng-7.3.0.jar:?]
	at org.testng.TestNG.runSuitesSequentially(TestNG.java:1218) [testng-7.3.0.jar:?]
	at org.testng.TestNG.runSuitesLocally(TestNG.java:1140) [testng-7.3.0.jar:?]
	at org.testng.TestNG.runSuites(TestNG.java:1069) [testng-7.3.0.jar:?]
	at org.testng.TestNG.run(TestNG.java:1037) [testng-7.3.0.jar:?]
	at com.intellij.rt.testng.IDEARemoteTestNG.run(IDEARemoteTestNG.java:66) [testng-rt.jar:?]
	at com.intellij.rt.testng.RemoteTestNGStarter.main(RemoteTestNGStarter.java:109) [testng-rt.jar:?]
2022-11-14 13:44:26.249 [main] DEBUG AbstractDriver - Browser Capabilities: Capabilities {acceptInsecureCerts: true, browserName: firefox}
2022-11-14 13:44:26.416 [main] INFO  TestListener - START google.tests.SearchTests.positiveSearchTest
2022-11-14 13:46:52.262 [main] FATAL PageFactory - Unable to instantiate PageObject
java.lang.reflect.InvocationTargetException: null
	at sun.reflect.NativeConstructorAccessorImpl.newInstance0(Native Method) ~[?:1.8.0_341]
	at sun.reflect.NativeConstructorAccessorImpl.newInstance(NativeConstructorAccessorImpl.java:62) ~[?:1.8.0_341]
	at sun.reflect.DelegatingConstructorAccessorImpl.newInstance(DelegatingConstructorAccessorImpl.java:45) ~[?:1.8.0_341]
	at java.lang.reflect.Constructor.newInstance(Constructor.java:423) ~[?:1.8.0_341]
	at com.frameworkium.core.ui.pages.PageFactory.instantiatePageObject(PageFactory.java:36) ~[frameworkium-core-3.0.1.jar:?]
	at com.frameworkium.core.ui.pages.PageFactory.newInstance(PageFactory.java:26) ~[frameworkium-core-3.0.1.jar:?]
	at google.pages.GoogleMainPage.open(GoogleMainPage.java:23) ~[test-classes/:?]
	at google.tests.SearchTests.positiveSearchTest(google.tests.SearchTests.java:13) ~[test-classes/:?]
	at sun.reflect.NativeMethodAccessorImpl.invoke0(Native Method) ~[?:1.8.0_341]
	at sun.reflect.NativeMethodAccessorImpl.invoke(NativeMethodAccessorImpl.java:62) ~[?:1.8.0_341]
	at sun.reflect.DelegatingMethodAccessorImpl.invoke(DelegatingMethodAccessorImpl.java:43) ~[?:1.8.0_341]
	at java.lang.reflect.Method.invoke(Method.java:498) ~[?:1.8.0_341]
	at org.junit.platform.commons.util.ReflectionUtils.invokeMethod(ReflectionUtils.java:688) ~[junit-platform-commons-1.7.0.jar:1.7.0]
	at org.junit.jupiter.engine.execution.MethodInvocation.proceed(MethodInvocation.java:60) ~[junit-jupiter-engine-5.7.0.jar:5.7.0]
	at org.junit.jupiter.engine.execution.InvocationInterceptorChain$ValidatingInvocation.proceed(InvocationInterceptorChain.java:131) ~[junit-jupiter-engine-5.7.0.jar:5.7.0]
	at org.junit.jupiter.engine.extension.TimeoutExtension.intercept(TimeoutExtension.java:149) ~[junit-jupiter-engine-5.7.0.jar:5.7.0]
	at org.junit.jupiter.engine.extension.TimeoutExtension.interceptTestableMethod(TimeoutExtension.java:140) ~[junit-jupiter-engine-5.7.0.jar:5.7.0]
	at org.junit.jupiter.engine.extension.TimeoutExtension.interceptTestMethod(TimeoutExtension.java:84) ~[junit-jupiter-engine-5.7.0.jar:5.7.0]
	at org.junit.jupiter.engine.execution.ExecutableInvoker$ReflectiveInterceptorCall.lambda$ofVoidMethod$0(ExecutableInvoker.java:115) ~[junit-jupiter-engine-5.7.0.jar:5.7.0]
	at org.junit.jupiter.engine.execution.ExecutableInvoker.lambda$invoke$0(ExecutableInvoker.java:105) ~[junit-jupiter-engine-5.7.0.jar:5.7.0]
	at org.junit.jupiter.engine.execution.InvocationInterceptorChain$InterceptedInvocation.proceed(InvocationInterceptorChain.java:106) ~[junit-jupiter-engine-5.7.0.jar:5.7.0]
	at org.junit.jupiter.engine.execution.InvocationInterceptorChain.proceed(InvocationInterceptorChain.java:64) ~[junit-jupiter-engine-5.7.0.jar:5.7.0]
	at org.junit.jupiter.engine.execution.InvocationInterceptorChain.chainAndInvoke(InvocationInterceptorChain.java:45) ~[junit-jupiter-engine-5.7.0.jar:5.7.0]
	at org.junit.jupiter.engine.execution.InvocationInterceptorChain.invoke(InvocationInterceptorChain.java:37) ~[junit-jupiter-engine-5.7.0.jar:5.7.0]
	at org.junit.jupiter.engine.execution.ExecutableInvoker.invoke(ExecutableInvoker.java:104) ~[junit-jupiter-engine-5.7.0.jar:5.7.0]
	at org.junit.jupiter.engine.execution.ExecutableInvoker.invoke(ExecutableInvoker.java:98) ~[junit-jupiter-engine-5.7.0.jar:5.7.0]
	at org.junit.jupiter.engine.descriptor.TestMethodTestDescriptor.lambda$invokeTestMethod$6(TestMethodTestDescriptor.java:210) ~[junit-jupiter-engine-5.7.0.jar:5.7.0]
	at org.junit.platform.engine.support.hierarchical.ThrowableCollector.execute(ThrowableCollector.java:73) ~[junit-platform-engine-1.7.0.jar:1.7.0]
	at org.junit.jupiter.engine.descriptor.TestMethodTestDescriptor.invokeTestMethod(TestMethodTestDescriptor.java:206) ~[junit-jupiter-engine-5.7.0.jar:5.7.0]
	at org.junit.jupiter.engine.descriptor.TestMethodTestDescriptor.execute(TestMethodTestDescriptor.java:131) ~[junit-jupiter-engine-5.7.0.jar:5.7.0]
	at org.junit.jupiter.engine.descriptor.TestMethodTestDescriptor.execute(TestMethodTestDescriptor.java:65) ~[junit-jupiter-engine-5.7.0.jar:5.7.0]
	at org.junit.platform.engine.support.hierarchical.NodeTestTask.lambda$executeRecursively$5(NodeTestTask.java:139) ~[junit-platform-engine-1.7.0.jar:1.7.0]
	at org.junit.platform.engine.support.hierarchical.ThrowableCollector.execute(ThrowableCollector.java:73) ~[junit-platform-engine-1.7.0.jar:1.7.0]
	at org.junit.platform.engine.support.hierarchical.NodeTestTask.lambda$executeRecursively$7(NodeTestTask.java:129) ~[junit-platform-engine-1.7.0.jar:1.7.0]
	at org.junit.platform.engine.support.hierarchical.Node.around(Node.java:137) ~[junit-platform-engine-1.7.0.jar:1.7.0]
	at org.junit.platform.engine.support.hierarchical.NodeTestTask.lambda$executeRecursively$8(NodeTestTask.java:127) ~[junit-platform-engine-1.7.0.jar:1.7.0]
	at org.junit.platform.engine.support.hierarchical.ThrowableCollector.execute(ThrowableCollector.java:73) ~[junit-platform-engine-1.7.0.jar:1.7.0]
	at org.junit.platform.engine.support.hierarchical.NodeTestTask.executeRecursively(NodeTestTask.java:126) ~[junit-platform-engine-1.7.0.jar:1.7.0]
	at org.junit.platform.engine.support.hierarchical.NodeTestTask.execute(NodeTestTask.java:84) ~[junit-platform-engine-1.7.0.jar:1.7.0]
	at java.util.ArrayList.forEach(ArrayList.java:1259) ~[?:1.8.0_341]
	at org.junit.platform.engine.support.hierarchical.SameThreadHierarchicalTestExecutorService.invokeAll(SameThreadHierarchicalTestExecutorService.java:38) ~[junit-platform-engine-1.7.0.jar:1.7.0]
	at org.junit.platform.engine.support.hierarchical.NodeTestTask.lambda$executeRecursively$5(NodeTestTask.java:143) ~[junit-platform-engine-1.7.0.jar:1.7.0]
	at org.junit.platform.engine.support.hierarchical.ThrowableCollector.execute(ThrowableCollector.java:73) ~[junit-platform-engine-1.7.0.jar:1.7.0]
	at org.junit.platform.engine.support.hierarchical.NodeTestTask.lambda$executeRecursively$7(NodeTestTask.java:129) ~[junit-platform-engine-1.7.0.jar:1.7.0]
	at org.junit.platform.engine.support.hierarchical.Node.around(Node.java:137) ~[junit-platform-engine-1.7.0.jar:1.7.0]
	at org.junit.platform.engine.support.hierarchical.NodeTestTask.lambda$executeRecursively$8(NodeTestTask.java:127) ~[junit-platform-engine-1.7.0.jar:1.7.0]
	at org.junit.platform.engine.support.hierarchical.ThrowableCollector.execute(ThrowableCollector.java:73) ~[junit-platform-engine-1.7.0.jar:1.7.0]
	at org.junit.platform.engine.support.hierarchical.NodeTestTask.executeRecursively(NodeTestTask.java:126) ~[junit-platform-engine-1.7.0.jar:1.7.0]
	at org.junit.platform.engine.support.hierarchical.NodeTestTask.execute(NodeTestTask.java:84) ~[junit-platform-engine-1.7.0.jar:1.7.0]
	at java.util.ArrayList.forEach(ArrayList.java:1259) ~[?:1.8.0_341]
	at org.junit.platform.engine.support.hierarchical.SameThreadHierarchicalTestExecutorService.invokeAll(SameThreadHierarchicalTestExecutorService.java:38) ~[junit-platform-engine-1.7.0.jar:1.7.0]
	at org.junit.platform.engine.support.hierarchical.NodeTestTask.lambda$executeRecursively$5(NodeTestTask.java:143) ~[junit-platform-engine-1.7.0.jar:1.7.0]
	at org.junit.platform.engine.support.hierarchical.ThrowableCollector.execute(ThrowableCollector.java:73) ~[junit-platform-engine-1.7.0.jar:1.7.0]
	at org.junit.platform.engine.support.hierarchical.NodeTestTask.lambda$executeRecursively$7(NodeTestTask.java:129) ~[junit-platform-engine-1.7.0.jar:1.7.0]
	at org.junit.platform.engine.support.hierarchical.Node.around(Node.java:137) ~[junit-platform-engine-1.7.0.jar:1.7.0]
	at org.junit.platform.engine.support.hierarchical.NodeTestTask.lambda$executeRecursively$8(NodeTestTask.java:127) ~[junit-platform-engine-1.7.0.jar:1.7.0]
	at org.junit.platform.engine.support.hierarchical.ThrowableCollector.execute(ThrowableCollector.java:73) ~[junit-platform-engine-1.7.0.jar:1.7.0]
	at org.junit.platform.engine.support.hierarchical.NodeTestTask.executeRecursively(NodeTestTask.java:126) ~[junit-platform-engine-1.7.0.jar:1.7.0]
	at org.junit.platform.engine.support.hierarchical.NodeTestTask.execute(NodeTestTask.java:84) ~[junit-platform-engine-1.7.0.jar:1.7.0]
	at org.junit.platform.engine.support.hierarchical.SameThreadHierarchicalTestExecutorService.submit(SameThreadHierarchicalTestExecutorService.java:32) ~[junit-platform-engine-1.7.0.jar:1.7.0]
	at org.junit.platform.engine.support.hierarchical.HierarchicalTestExecutor.execute(HierarchicalTestExecutor.java:57) ~[junit-platform-engine-1.7.0.jar:1.7.0]
	at org.junit.platform.engine.support.hierarchical.HierarchicalTestEngine.execute(HierarchicalTestEngine.java:51) ~[junit-platform-engine-1.7.0.jar:1.7.0]
	at org.junit.platform.launcher.core.EngineExecutionOrchestrator.execute(EngineExecutionOrchestrator.java:108) ~[junit-platform-launcher-1.7.0.jar:1.7.0]
	at org.junit.platform.launcher.core.EngineExecutionOrchestrator.execute(EngineExecutionOrchestrator.java:88) ~[junit-platform-launcher-1.7.0.jar:1.7.0]
	at org.junit.platform.launcher.core.EngineExecutionOrchestrator.lambda$execute$0(EngineExecutionOrchestrator.java:54) ~[junit-platform-launcher-1.7.0.jar:1.7.0]
	at org.junit.platform.launcher.core.EngineExecutionOrchestrator.withInterceptedStreams(EngineExecutionOrchestrator.java:67) [junit-platform-launcher-1.7.0.jar:1.7.0]
	at org.junit.platform.launcher.core.EngineExecutionOrchestrator.execute(EngineExecutionOrchestrator.java:52) [junit-platform-launcher-1.7.0.jar:1.7.0]
	at org.junit.platform.launcher.core.DefaultLauncher.execute(DefaultLauncher.java:96) [junit-platform-launcher-1.7.0.jar:1.7.0]
	at org.junit.platform.launcher.core.DefaultLauncher.execute(DefaultLauncher.java:75) [junit-platform-launcher-1.7.0.jar:1.7.0]
	at org.apache.maven.surefire.junitplatform.LazyLauncher.execute(LazyLauncher.java:55) [surefire-junit-platform-3.0.0-M7.jar:3.0.0-M7]
	at org.apache.maven.surefire.junitplatform.JUnitPlatformProvider.execute(JUnitPlatformProvider.java:223) [surefire-junit-platform-3.0.0-M7.jar:3.0.0-M7]
	at org.apache.maven.surefire.junitplatform.JUnitPlatformProvider.invokeAllTests(JUnitPlatformProvider.java:175) [surefire-junit-platform-3.0.0-M7.jar:3.0.0-M7]
	at org.apache.maven.surefire.junitplatform.JUnitPlatformProvider.invoke(JUnitPlatformProvider.java:139) [surefire-junit-platform-3.0.0-M7.jar:3.0.0-M7]
	at org.apache.maven.surefire.booter.ForkedBooter.runSuitesInProcess(ForkedBooter.java:456) [surefire-booter-3.0.0-M7.jar:3.0.0-M7]
	at org.apache.maven.surefire.booter.ForkedBooter.execute(ForkedBooter.java:169) [surefire-booter-3.0.0-M7.jar:3.0.0-M7]
	at org.apache.maven.surefire.booter.ForkedBooter.run(ForkedBooter.java:595) [surefire-booter-3.0.0-M7.jar:3.0.0-M7]
	at org.apache.maven.surefire.booter.ForkedBooter.main(ForkedBooter.java:581) [surefire-booter-3.0.0-M7.jar:3.0.0-M7]
Caused by: java.lang.NullPointerException
	at com.frameworkium.core.ui.UITestLifecycle.getWebDriver(UITestLifecycle.java:138) ~[frameworkium-core-3.0.1.jar:?]
	at com.frameworkium.core.ui.pages.BasePage.<init>(BasePage.java:28) ~[frameworkium-core-3.0.1.jar:?]
	at google.pages.GoogleMainPage.<init>(GoogleMainPage.java:11) ~[test-classes/:?]
	... 77 more
2022-11-14 13:58:20.714 [main] FATAL PageFactory - Unable to instantiate PageObject
java.lang.reflect.InvocationTargetException: null
	at sun.reflect.NativeConstructorAccessorImpl.newInstance0(Native Method) ~[?:1.8.0_341]
	at sun.reflect.NativeConstructorAccessorImpl.newInstance(NativeConstructorAccessorImpl.java:62) ~[?:1.8.0_341]
	at sun.reflect.DelegatingConstructorAccessorImpl.newInstance(DelegatingConstructorAccessorImpl.java:45) ~[?:1.8.0_341]
	at java.lang.reflect.Constructor.newInstance(Constructor.java:423) ~[?:1.8.0_341]
	at com.frameworkium.core.ui.pages.PageFactory.instantiatePageObject(PageFactory.java:36) ~[frameworkium-core-3.0.1.jar:?]
	at com.frameworkium.core.ui.pages.PageFactory.newInstance(PageFactory.java:26) ~[frameworkium-core-3.0.1.jar:?]
	at google.pages.GoogleMainPage.open(GoogleMainPage.java:23) ~[test-classes/:?]
	at google.tests.SearchTests.positiveSearchTest(google.tests.SearchTests.java:13) ~[test-classes/:?]
	at sun.reflect.NativeMethodAccessorImpl.invoke0(Native Method) ~[?:1.8.0_341]
	at sun.reflect.NativeMethodAccessorImpl.invoke(NativeMethodAccessorImpl.java:62) ~[?:1.8.0_341]
	at sun.reflect.DelegatingMethodAccessorImpl.invoke(DelegatingMethodAccessorImpl.java:43) ~[?:1.8.0_341]
	at java.lang.reflect.Method.invoke(Method.java:498) ~[?:1.8.0_341]
	at org.junit.platform.commons.util.ReflectionUtils.invokeMethod(ReflectionUtils.java:688) ~[junit-platform-commons-1.7.0.jar:1.7.0]
	at org.junit.jupiter.engine.execution.MethodInvocation.proceed(MethodInvocation.java:60) ~[junit-jupiter-engine-5.7.0.jar:5.7.0]
	at org.junit.jupiter.engine.execution.InvocationInterceptorChain$ValidatingInvocation.proceed(InvocationInterceptorChain.java:131) ~[junit-jupiter-engine-5.7.0.jar:5.7.0]
	at org.junit.jupiter.engine.extension.TimeoutExtension.intercept(TimeoutExtension.java:149) ~[junit-jupiter-engine-5.7.0.jar:5.7.0]
	at org.junit.jupiter.engine.extension.TimeoutExtension.interceptTestableMethod(TimeoutExtension.java:140) ~[junit-jupiter-engine-5.7.0.jar:5.7.0]
	at org.junit.jupiter.engine.extension.TimeoutExtension.interceptTestMethod(TimeoutExtension.java:84) ~[junit-jupiter-engine-5.7.0.jar:5.7.0]
	at org.junit.jupiter.engine.execution.ExecutableInvoker$ReflectiveInterceptorCall.lambda$ofVoidMethod$0(ExecutableInvoker.java:115) ~[junit-jupiter-engine-5.7.0.jar:5.7.0]
	at org.junit.jupiter.engine.execution.ExecutableInvoker.lambda$invoke$0(ExecutableInvoker.java:105) ~[junit-jupiter-engine-5.7.0.jar:5.7.0]
	at org.junit.jupiter.engine.execution.InvocationInterceptorChain$InterceptedInvocation.proceed(InvocationInterceptorChain.java:106) ~[junit-jupiter-engine-5.7.0.jar:5.7.0]
	at org.junit.jupiter.engine.execution.InvocationInterceptorChain.proceed(InvocationInterceptorChain.java:64) ~[junit-jupiter-engine-5.7.0.jar:5.7.0]
	at org.junit.jupiter.engine.execution.InvocationInterceptorChain.chainAndInvoke(InvocationInterceptorChain.java:45) ~[junit-jupiter-engine-5.7.0.jar:5.7.0]
	at org.junit.jupiter.engine.execution.InvocationInterceptorChain.invoke(InvocationInterceptorChain.java:37) ~[junit-jupiter-engine-5.7.0.jar:5.7.0]
	at org.junit.jupiter.engine.execution.ExecutableInvoker.invoke(ExecutableInvoker.java:104) ~[junit-jupiter-engine-5.7.0.jar:5.7.0]
	at org.junit.jupiter.engine.execution.ExecutableInvoker.invoke(ExecutableInvoker.java:98) ~[junit-jupiter-engine-5.7.0.jar:5.7.0]
	at org.junit.jupiter.engine.descriptor.TestMethodTestDescriptor.lambda$invokeTestMethod$6(TestMethodTestDescriptor.java:210) ~[junit-jupiter-engine-5.7.0.jar:5.7.0]
	at org.junit.platform.engine.support.hierarchical.ThrowableCollector.execute(ThrowableCollector.java:73) ~[junit-platform-engine-1.7.0.jar:1.7.0]
	at org.junit.jupiter.engine.descriptor.TestMethodTestDescriptor.invokeTestMethod(TestMethodTestDescriptor.java:206) ~[junit-jupiter-engine-5.7.0.jar:5.7.0]
	at org.junit.jupiter.engine.descriptor.TestMethodTestDescriptor.execute(TestMethodTestDescriptor.java:131) ~[junit-jupiter-engine-5.7.0.jar:5.7.0]
	at org.junit.jupiter.engine.descriptor.TestMethodTestDescriptor.execute(TestMethodTestDescriptor.java:65) ~[junit-jupiter-engine-5.7.0.jar:5.7.0]
	at org.junit.platform.engine.support.hierarchical.NodeTestTask.lambda$executeRecursively$5(NodeTestTask.java:139) ~[junit-platform-engine-1.7.0.jar:1.7.0]
	at org.junit.platform.engine.support.hierarchical.ThrowableCollector.execute(ThrowableCollector.java:73) ~[junit-platform-engine-1.7.0.jar:1.7.0]
	at org.junit.platform.engine.support.hierarchical.NodeTestTask.lambda$executeRecursively$7(NodeTestTask.java:129) ~[junit-platform-engine-1.7.0.jar:1.7.0]
	at org.junit.platform.engine.support.hierarchical.Node.around(Node.java:137) ~[junit-platform-engine-1.7.0.jar:1.7.0]
	at org.junit.platform.engine.support.hierarchical.NodeTestTask.lambda$executeRecursively$8(NodeTestTask.java:127) ~[junit-platform-engine-1.7.0.jar:1.7.0]
	at org.junit.platform.engine.support.hierarchical.ThrowableCollector.execute(ThrowableCollector.java:73) ~[junit-platform-engine-1.7.0.jar:1.7.0]
	at org.junit.platform.engine.support.hierarchical.NodeTestTask.executeRecursively(NodeTestTask.java:126) ~[junit-platform-engine-1.7.0.jar:1.7.0]
	at org.junit.platform.engine.support.hierarchical.NodeTestTask.execute(NodeTestTask.java:84) ~[junit-platform-engine-1.7.0.jar:1.7.0]
	at java.util.ArrayList.forEach(ArrayList.java:1259) ~[?:1.8.0_341]
	at org.junit.platform.engine.support.hierarchical.SameThreadHierarchicalTestExecutorService.invokeAll(SameThreadHierarchicalTestExecutorService.java:38) ~[junit-platform-engine-1.7.0.jar:1.7.0]
	at org.junit.platform.engine.support.hierarchical.NodeTestTask.lambda$executeRecursively$5(NodeTestTask.java:143) ~[junit-platform-engine-1.7.0.jar:1.7.0]
	at org.junit.platform.engine.support.hierarchical.ThrowableCollector.execute(ThrowableCollector.java:73) ~[junit-platform-engine-1.7.0.jar:1.7.0]
	at org.junit.platform.engine.support.hierarchical.NodeTestTask.lambda$executeRecursively$7(NodeTestTask.java:129) ~[junit-platform-engine-1.7.0.jar:1.7.0]
	at org.junit.platform.engine.support.hierarchical.Node.around(Node.java:137) ~[junit-platform-engine-1.7.0.jar:1.7.0]
	at org.junit.platform.engine.support.hierarchical.NodeTestTask.lambda$executeRecursively$8(NodeTestTask.java:127) ~[junit-platform-engine-1.7.0.jar:1.7.0]
	at org.junit.platform.engine.support.hierarchical.ThrowableCollector.execute(ThrowableCollector.java:73) ~[junit-platform-engine-1.7.0.jar:1.7.0]
	at org.junit.platform.engine.support.hierarchical.NodeTestTask.executeRecursively(NodeTestTask.java:126) ~[junit-platform-engine-1.7.0.jar:1.7.0]
	at org.junit.platform.engine.support.hierarchical.NodeTestTask.execute(NodeTestTask.java:84) ~[junit-platform-engine-1.7.0.jar:1.7.0]
	at java.util.ArrayList.forEach(ArrayList.java:1259) ~[?:1.8.0_341]
	at org.junit.platform.engine.support.hierarchical.SameThreadHierarchicalTestExecutorService.invokeAll(SameThreadHierarchicalTestExecutorService.java:38) ~[junit-platform-engine-1.7.0.jar:1.7.0]
	at org.junit.platform.engine.support.hierarchical.NodeTestTask.lambda$executeRecursively$5(NodeTestTask.java:143) ~[junit-platform-engine-1.7.0.jar:1.7.0]
	at org.junit.platform.engine.support.hierarchical.ThrowableCollector.execute(ThrowableCollector.java:73) ~[junit-platform-engine-1.7.0.jar:1.7.0]
	at org.junit.platform.engine.support.hierarchical.NodeTestTask.lambda$executeRecursively$7(NodeTestTask.java:129) ~[junit-platform-engine-1.7.0.jar:1.7.0]
	at org.junit.platform.engine.support.hierarchical.Node.around(Node.java:137) ~[junit-platform-engine-1.7.0.jar:1.7.0]
	at org.junit.platform.engine.support.hierarchical.NodeTestTask.lambda$executeRecursively$8(NodeTestTask.java:127) ~[junit-platform-engine-1.7.0.jar:1.7.0]
	at org.junit.platform.engine.support.hierarchical.ThrowableCollector.execute(ThrowableCollector.java:73) ~[junit-platform-engine-1.7.0.jar:1.7.0]
	at org.junit.platform.engine.support.hierarchical.NodeTestTask.executeRecursively(NodeTestTask.java:126) ~[junit-platform-engine-1.7.0.jar:1.7.0]
	at org.junit.platform.engine.support.hierarchical.NodeTestTask.execute(NodeTestTask.java:84) ~[junit-platform-engine-1.7.0.jar:1.7.0]
	at org.junit.platform.engine.support.hierarchical.SameThreadHierarchicalTestExecutorService.submit(SameThreadHierarchicalTestExecutorService.java:32) ~[junit-platform-engine-1.7.0.jar:1.7.0]
	at org.junit.platform.engine.support.hierarchical.HierarchicalTestExecutor.execute(HierarchicalTestExecutor.java:57) ~[junit-platform-engine-1.7.0.jar:1.7.0]
	at org.junit.platform.engine.support.hierarchical.HierarchicalTestEngine.execute(HierarchicalTestEngine.java:51) ~[junit-platform-engine-1.7.0.jar:1.7.0]
	at org.junit.platform.launcher.core.EngineExecutionOrchestrator.execute(EngineExecutionOrchestrator.java:108) ~[junit-platform-launcher-1.7.0.jar:1.7.0]
	at org.junit.platform.launcher.core.EngineExecutionOrchestrator.execute(EngineExecutionOrchestrator.java:88) ~[junit-platform-launcher-1.7.0.jar:1.7.0]
	at org.junit.platform.launcher.core.EngineExecutionOrchestrator.lambda$execute$0(EngineExecutionOrchestrator.java:54) ~[junit-platform-launcher-1.7.0.jar:1.7.0]
	at org.junit.platform.launcher.core.EngineExecutionOrchestrator.withInterceptedStreams(EngineExecutionOrchestrator.java:67) [junit-platform-launcher-1.7.0.jar:1.7.0]
	at org.junit.platform.launcher.core.EngineExecutionOrchestrator.execute(EngineExecutionOrchestrator.java:52) [junit-platform-launcher-1.7.0.jar:1.7.0]
	at org.junit.platform.launcher.core.DefaultLauncher.execute(DefaultLauncher.java:96) [junit-platform-launcher-1.7.0.jar:1.7.0]
	at org.junit.platform.launcher.core.DefaultLauncher.execute(DefaultLauncher.java:75) [junit-platform-launcher-1.7.0.jar:1.7.0]
	at org.apache.maven.surefire.junitplatform.LazyLauncher.execute(LazyLauncher.java:55) [surefire-junit-platform-3.0.0-M7.jar:3.0.0-M7]
	at org.apache.maven.surefire.junitplatform.JUnitPlatformProvider.execute(JUnitPlatformProvider.java:223) [surefire-junit-platform-3.0.0-M7.jar:3.0.0-M7]
	at org.apache.maven.surefire.junitplatform.JUnitPlatformProvider.invokeAllTests(JUnitPlatformProvider.java:175) [surefire-junit-platform-3.0.0-M7.jar:3.0.0-M7]
	at org.apache.maven.surefire.junitplatform.JUnitPlatformProvider.invoke(JUnitPlatformProvider.java:139) [surefire-junit-platform-3.0.0-M7.jar:3.0.0-M7]
	at org.apache.maven.surefire.booter.ForkedBooter.runSuitesInProcess(ForkedBooter.java:456) [surefire-booter-3.0.0-M7.jar:3.0.0-M7]
	at org.apache.maven.surefire.booter.ForkedBooter.execute(ForkedBooter.java:169) [surefire-booter-3.0.0-M7.jar:3.0.0-M7]
	at org.apache.maven.surefire.booter.ForkedBooter.run(ForkedBooter.java:595) [surefire-booter-3.0.0-M7.jar:3.0.0-M7]
	at org.apache.maven.surefire.booter.ForkedBooter.main(ForkedBooter.java:581) [surefire-booter-3.0.0-M7.jar:3.0.0-M7]
Caused by: java.lang.NullPointerException
	at com.frameworkium.core.ui.UITestLifecycle.getWebDriver(UITestLifecycle.java:138) ~[frameworkium-core-3.0.1.jar:?]
	at com.frameworkium.core.ui.pages.BasePage.<init>(BasePage.java:28) ~[frameworkium-core-3.0.1.jar:?]
	at google.pages.GoogleMainPage.<init>(GoogleMainPage.java:11) ~[test-classes/:?]
	... 77 more
2022-11-14 13:59:58.987 [main] FATAL PageFactory - Unable to instantiate PageObject
java.lang.reflect.InvocationTargetException: null
	at sun.reflect.NativeConstructorAccessorImpl.newInstance0(Native Method) ~[?:1.8.0_341]
	at sun.reflect.NativeConstructorAccessorImpl.newInstance(NativeConstructorAccessorImpl.java:62) ~[?:1.8.0_341]
	at sun.reflect.DelegatingConstructorAccessorImpl.newInstance(DelegatingConstructorAccessorImpl.java:45) ~[?:1.8.0_341]
	at java.lang.reflect.Constructor.newInstance(Constructor.java:423) ~[?:1.8.0_341]
	at com.frameworkium.core.ui.pages.PageFactory.instantiatePageObject(PageFactory.java:36) ~[frameworkium-core-3.0.1.jar:?]
	at com.frameworkium.core.ui.pages.PageFactory.newInstance(PageFactory.java:26) ~[frameworkium-core-3.0.1.jar:?]
	at google.pages.GoogleMainPage.open(GoogleMainPage.java:23) ~[test-classes/:?]
	at google.tests.SearchTests.positiveSearchTest(google.tests.SearchTests.java:13) ~[test-classes/:?]
	at sun.reflect.NativeMethodAccessorImpl.invoke0(Native Method) ~[?:1.8.0_341]
	at sun.reflect.NativeMethodAccessorImpl.invoke(NativeMethodAccessorImpl.java:62) ~[?:1.8.0_341]
	at sun.reflect.DelegatingMethodAccessorImpl.invoke(DelegatingMethodAccessorImpl.java:43) ~[?:1.8.0_341]
	at java.lang.reflect.Method.invoke(Method.java:498) ~[?:1.8.0_341]
	at org.junit.platform.commons.util.ReflectionUtils.invokeMethod(ReflectionUtils.java:688) ~[junit-platform-commons-1.7.0.jar:1.7.0]
	at org.junit.jupiter.engine.execution.MethodInvocation.proceed(MethodInvocation.java:60) ~[junit-jupiter-engine-5.7.0.jar:5.7.0]
	at org.junit.jupiter.engine.execution.InvocationInterceptorChain$ValidatingInvocation.proceed(InvocationInterceptorChain.java:131) ~[junit-jupiter-engine-5.7.0.jar:5.7.0]
	at org.junit.jupiter.engine.extension.TimeoutExtension.intercept(TimeoutExtension.java:149) ~[junit-jupiter-engine-5.7.0.jar:5.7.0]
	at org.junit.jupiter.engine.extension.TimeoutExtension.interceptTestableMethod(TimeoutExtension.java:140) ~[junit-jupiter-engine-5.7.0.jar:5.7.0]
	at org.junit.jupiter.engine.extension.TimeoutExtension.interceptTestMethod(TimeoutExtension.java:84) ~[junit-jupiter-engine-5.7.0.jar:5.7.0]
	at org.junit.jupiter.engine.execution.ExecutableInvoker$ReflectiveInterceptorCall.lambda$ofVoidMethod$0(ExecutableInvoker.java:115) ~[junit-jupiter-engine-5.7.0.jar:5.7.0]
	at org.junit.jupiter.engine.execution.ExecutableInvoker.lambda$invoke$0(ExecutableInvoker.java:105) ~[junit-jupiter-engine-5.7.0.jar:5.7.0]
	at org.junit.jupiter.engine.execution.InvocationInterceptorChain$InterceptedInvocation.proceed(InvocationInterceptorChain.java:106) ~[junit-jupiter-engine-5.7.0.jar:5.7.0]
	at org.junit.jupiter.engine.execution.InvocationInterceptorChain.proceed(InvocationInterceptorChain.java:64) ~[junit-jupiter-engine-5.7.0.jar:5.7.0]
	at org.junit.jupiter.engine.execution.InvocationInterceptorChain.chainAndInvoke(InvocationInterceptorChain.java:45) ~[junit-jupiter-engine-5.7.0.jar:5.7.0]
	at org.junit.jupiter.engine.execution.InvocationInterceptorChain.invoke(InvocationInterceptorChain.java:37) ~[junit-jupiter-engine-5.7.0.jar:5.7.0]
	at org.junit.jupiter.engine.execution.ExecutableInvoker.invoke(ExecutableInvoker.java:104) ~[junit-jupiter-engine-5.7.0.jar:5.7.0]
	at org.junit.jupiter.engine.execution.ExecutableInvoker.invoke(ExecutableInvoker.java:98) ~[junit-jupiter-engine-5.7.0.jar:5.7.0]
	at org.junit.jupiter.engine.descriptor.TestMethodTestDescriptor.lambda$invokeTestMethod$6(TestMethodTestDescriptor.java:210) ~[junit-jupiter-engine-5.7.0.jar:5.7.0]
	at org.junit.platform.engine.support.hierarchical.ThrowableCollector.execute(ThrowableCollector.java:73) ~[junit-platform-engine-1.7.0.jar:1.7.0]
	at org.junit.jupiter.engine.descriptor.TestMethodTestDescriptor.invokeTestMethod(TestMethodTestDescriptor.java:206) ~[junit-jupiter-engine-5.7.0.jar:5.7.0]
	at org.junit.jupiter.engine.descriptor.TestMethodTestDescriptor.execute(TestMethodTestDescriptor.java:131) ~[junit-jupiter-engine-5.7.0.jar:5.7.0]
	at org.junit.jupiter.engine.descriptor.TestMethodTestDescriptor.execute(TestMethodTestDescriptor.java:65) ~[junit-jupiter-engine-5.7.0.jar:5.7.0]
	at org.junit.platform.engine.support.hierarchical.NodeTestTask.lambda$executeRecursively$5(NodeTestTask.java:139) ~[junit-platform-engine-1.7.0.jar:1.7.0]
	at org.junit.platform.engine.support.hierarchical.ThrowableCollector.execute(ThrowableCollector.java:73) ~[junit-platform-engine-1.7.0.jar:1.7.0]
	at org.junit.platform.engine.support.hierarchical.NodeTestTask.lambda$executeRecursively$7(NodeTestTask.java:129) ~[junit-platform-engine-1.7.0.jar:1.7.0]
	at org.junit.platform.engine.support.hierarchical.Node.around(Node.java:137) ~[junit-platform-engine-1.7.0.jar:1.7.0]
	at org.junit.platform.engine.support.hierarchical.NodeTestTask.lambda$executeRecursively$8(NodeTestTask.java:127) ~[junit-platform-engine-1.7.0.jar:1.7.0]
	at org.junit.platform.engine.support.hierarchical.ThrowableCollector.execute(ThrowableCollector.java:73) ~[junit-platform-engine-1.7.0.jar:1.7.0]
	at org.junit.platform.engine.support.hierarchical.NodeTestTask.executeRecursively(NodeTestTask.java:126) ~[junit-platform-engine-1.7.0.jar:1.7.0]
	at org.junit.platform.engine.support.hierarchical.NodeTestTask.execute(NodeTestTask.java:84) ~[junit-platform-engine-1.7.0.jar:1.7.0]
	at java.util.ArrayList.forEach(ArrayList.java:1259) ~[?:1.8.0_341]
	at org.junit.platform.engine.support.hierarchical.SameThreadHierarchicalTestExecutorService.invokeAll(SameThreadHierarchicalTestExecutorService.java:38) ~[junit-platform-engine-1.7.0.jar:1.7.0]
	at org.junit.platform.engine.support.hierarchical.NodeTestTask.lambda$executeRecursively$5(NodeTestTask.java:143) ~[junit-platform-engine-1.7.0.jar:1.7.0]
	at org.junit.platform.engine.support.hierarchical.ThrowableCollector.execute(ThrowableCollector.java:73) ~[junit-platform-engine-1.7.0.jar:1.7.0]
	at org.junit.platform.engine.support.hierarchical.NodeTestTask.lambda$executeRecursively$7(NodeTestTask.java:129) ~[junit-platform-engine-1.7.0.jar:1.7.0]
	at org.junit.platform.engine.support.hierarchical.Node.around(Node.java:137) ~[junit-platform-engine-1.7.0.jar:1.7.0]
	at org.junit.platform.engine.support.hierarchical.NodeTestTask.lambda$executeRecursively$8(NodeTestTask.java:127) ~[junit-platform-engine-1.7.0.jar:1.7.0]
	at org.junit.platform.engine.support.hierarchical.ThrowableCollector.execute(ThrowableCollector.java:73) ~[junit-platform-engine-1.7.0.jar:1.7.0]
	at org.junit.platform.engine.support.hierarchical.NodeTestTask.executeRecursively(NodeTestTask.java:126) ~[junit-platform-engine-1.7.0.jar:1.7.0]
	at org.junit.platform.engine.support.hierarchical.NodeTestTask.execute(NodeTestTask.java:84) ~[junit-platform-engine-1.7.0.jar:1.7.0]
	at java.util.ArrayList.forEach(ArrayList.java:1259) ~[?:1.8.0_341]
	at org.junit.platform.engine.support.hierarchical.SameThreadHierarchicalTestExecutorService.invokeAll(SameThreadHierarchicalTestExecutorService.java:38) ~[junit-platform-engine-1.7.0.jar:1.7.0]
	at org.junit.platform.engine.support.hierarchical.NodeTestTask.lambda$executeRecursively$5(NodeTestTask.java:143) ~[junit-platform-engine-1.7.0.jar:1.7.0]
	at org.junit.platform.engine.support.hierarchical.ThrowableCollector.execute(ThrowableCollector.java:73) ~[junit-platform-engine-1.7.0.jar:1.7.0]
	at org.junit.platform.engine.support.hierarchical.NodeTestTask.lambda$executeRecursively$7(NodeTestTask.java:129) ~[junit-platform-engine-1.7.0.jar:1.7.0]
	at org.junit.platform.engine.support.hierarchical.Node.around(Node.java:137) ~[junit-platform-engine-1.7.0.jar:1.7.0]
	at org.junit.platform.engine.support.hierarchical.NodeTestTask.lambda$executeRecursively$8(NodeTestTask.java:127) ~[junit-platform-engine-1.7.0.jar:1.7.0]
	at org.junit.platform.engine.support.hierarchical.ThrowableCollector.execute(ThrowableCollector.java:73) ~[junit-platform-engine-1.7.0.jar:1.7.0]
	at org.junit.platform.engine.support.hierarchical.NodeTestTask.executeRecursively(NodeTestTask.java:126) ~[junit-platform-engine-1.7.0.jar:1.7.0]
	at org.junit.platform.engine.support.hierarchical.NodeTestTask.execute(NodeTestTask.java:84) ~[junit-platform-engine-1.7.0.jar:1.7.0]
	at org.junit.platform.engine.support.hierarchical.SameThreadHierarchicalTestExecutorService.submit(SameThreadHierarchicalTestExecutorService.java:32) ~[junit-platform-engine-1.7.0.jar:1.7.0]
	at org.junit.platform.engine.support.hierarchical.HierarchicalTestExecutor.execute(HierarchicalTestExecutor.java:57) ~[junit-platform-engine-1.7.0.jar:1.7.0]
	at org.junit.platform.engine.support.hierarchical.HierarchicalTestEngine.execute(HierarchicalTestEngine.java:51) ~[junit-platform-engine-1.7.0.jar:1.7.0]
	at org.junit.platform.launcher.core.EngineExecutionOrchestrator.execute(EngineExecutionOrchestrator.java:108) ~[junit-platform-launcher-1.7.0.jar:1.7.0]
	at org.junit.platform.launcher.core.EngineExecutionOrchestrator.execute(EngineExecutionOrchestrator.java:88) ~[junit-platform-launcher-1.7.0.jar:1.7.0]
	at org.junit.platform.launcher.core.EngineExecutionOrchestrator.lambda$execute$0(EngineExecutionOrchestrator.java:54) ~[junit-platform-launcher-1.7.0.jar:1.7.0]
	at org.junit.platform.launcher.core.EngineExecutionOrchestrator.withInterceptedStreams(EngineExecutionOrchestrator.java:67) [junit-platform-launcher-1.7.0.jar:1.7.0]
	at org.junit.platform.launcher.core.EngineExecutionOrchestrator.execute(EngineExecutionOrchestrator.java:52) [junit-platform-launcher-1.7.0.jar:1.7.0]
	at org.junit.platform.launcher.core.DefaultLauncher.execute(DefaultLauncher.java:96) [junit-platform-launcher-1.7.0.jar:1.7.0]
	at org.junit.platform.launcher.core.DefaultLauncher.execute(DefaultLauncher.java:75) [junit-platform-launcher-1.7.0.jar:1.7.0]
	at org.apache.maven.surefire.junitplatform.LazyLauncher.execute(LazyLauncher.java:55) [surefire-junit-platform-3.0.0-M7.jar:3.0.0-M7]
	at org.apache.maven.surefire.junitplatform.JUnitPlatformProvider.execute(JUnitPlatformProvider.java:223) [surefire-junit-platform-3.0.0-M7.jar:3.0.0-M7]
	at org.apache.maven.surefire.junitplatform.JUnitPlatformProvider.invokeAllTests(JUnitPlatformProvider.java:175) [surefire-junit-platform-3.0.0-M7.jar:3.0.0-M7]
	at org.apache.maven.surefire.junitplatform.JUnitPlatformProvider.invoke(JUnitPlatformProvider.java:139) [surefire-junit-platform-3.0.0-M7.jar:3.0.0-M7]
	at org.apache.maven.surefire.booter.ForkedBooter.runSuitesInProcess(ForkedBooter.java:456) [surefire-booter-3.0.0-M7.jar:3.0.0-M7]
	at org.apache.maven.surefire.booter.ForkedBooter.execute(ForkedBooter.java:169) [surefire-booter-3.0.0-M7.jar:3.0.0-M7]
	at org.apache.maven.surefire.booter.ForkedBooter.run(ForkedBooter.java:595) [surefire-booter-3.0.0-M7.jar:3.0.0-M7]
	at org.apache.maven.surefire.booter.ForkedBooter.main(ForkedBooter.java:581) [surefire-booter-3.0.0-M7.jar:3.0.0-M7]
Caused by: java.lang.NullPointerException
	at com.frameworkium.core.ui.UITestLifecycle.getWebDriver(UITestLifecycle.java:138) ~[frameworkium-core-3.0.1.jar:?]
	at com.frameworkium.core.ui.pages.BasePage.<init>(BasePage.java:28) ~[frameworkium-core-3.0.1.jar:?]
	at google.pages.GoogleMainPage.<init>(GoogleMainPage.java:11) ~[test-classes/:?]
	... 77 more
2022-11-14 14:04:34.955 [main] DEBUG AbstractDriver - Browser Capabilities: Capabilities {acceptInsecureCerts: true, browserName: firefox}
2022-11-14 14:04:35.123 [main] INFO  TestListener - START google.tests.SearchTests.positiveSearchTest
2022-11-14 14:07:42.380 [main] DEBUG AbstractDriver - Browser Capabilities: Capabilities {acceptInsecureCerts: true, browserName: firefox}
2022-11-14 14:07:42.551 [main] INFO  TestListener - START google.tests.SearchTests.positiveSearchTest
2022-11-14 14:16:31.380 [main] DEBUG AbstractDriver - Browser Capabilities: Capabilities {acceptInsecureCerts: true, browserName: firefox}
2022-11-14 14:16:31.550 [main] INFO  TestListener - START google.tests.SearchTests.positiveSearchTest
2022-11-14 14:16:31.556 [main] WARN  TestListener - SKIP  google.tests.SearchTests.positiveSearchTest
2022-11-14 14:16:31.557 [main] ERROR TestListener - FAIL  google.tests.SearchTests.positiveSearchTest
2022-11-14 14:16:31.557 [main] ERROR TestListener - null
java.lang.NullPointerException: null
	at com.frameworkium.core.ui.driver.lifecycle.SingleUseDriverLifecycle.getWebDriver(SingleUseDriverLifecycle.java:35) ~[frameworkium-core-3.0.1.jar:?]
	at com.frameworkium.core.ui.UITestLifecycle.getWebDriver(UITestLifecycle.java:138) ~[frameworkium-core-3.0.1.jar:?]
	at com.frameworkium.core.ui.listeners.ScreenshotListener.takeScreenshotAndSaveLocally(ScreenshotListener.java:42) ~[frameworkium-core-3.0.1.jar:?]
	at com.frameworkium.core.ui.listeners.ScreenshotListener.onTestSkipped(ScreenshotListener.java:36) ~[frameworkium-core-3.0.1.jar:?]
	at org.testng.internal.TestListenerHelper.runTestListeners(TestListenerHelper.java:87) ~[testng-7.3.0.jar:?]
	at org.testng.internal.TestInvoker.runTestResultListener(TestInvoker.java:220) ~[testng-7.3.0.jar:?]
	at org.testng.internal.TestInvoker.invokeListenersForSkippedTestResult(TestInvoker.java:447) ~[testng-7.3.0.jar:?]
	at org.testng.internal.TestInvoker.invokeMethod(TestInvoker.java:547) ~[testng-7.3.0.jar:?]
	at org.testng.internal.TestInvoker.invokeTestMethod(TestInvoker.java:174) ~[testng-7.3.0.jar:?]
	at org.testng.internal.MethodRunner.runInSequence(MethodRunner.java:46) ~[testng-7.3.0.jar:?]
	at org.testng.internal.TestInvoker$MethodInvocationAgent.invoke(TestInvoker.java:822) ~[testng-7.3.0.jar:?]
	at org.testng.internal.TestInvoker.invokeTestMethods(TestInvoker.java:147) ~[testng-7.3.0.jar:?]
	at org.testng.internal.TestMethodWorker.invokeTestMethods(TestMethodWorker.java:146) ~[testng-7.3.0.jar:?]
	at org.testng.internal.TestMethodWorker.run(TestMethodWorker.java:128) ~[testng-7.3.0.jar:?]
	at java.util.ArrayList.forEach(ArrayList.java:1259) [?:1.8.0_341]
	at org.testng.TestRunner.privateRun(TestRunner.java:764) [testng-7.3.0.jar:?]
	at org.testng.TestRunner.run(TestRunner.java:585) [testng-7.3.0.jar:?]
	at org.testng.SuiteRunner.runTest(SuiteRunner.java:384) [testng-7.3.0.jar:?]
	at org.testng.SuiteRunner.runSequentially(SuiteRunner.java:378) [testng-7.3.0.jar:?]
	at org.testng.SuiteRunner.privateRun(SuiteRunner.java:337) [testng-7.3.0.jar:?]
	at org.testng.SuiteRunner.run(SuiteRunner.java:286) [testng-7.3.0.jar:?]
	at org.testng.SuiteRunnerWorker.runSuite(SuiteRunnerWorker.java:53) [testng-7.3.0.jar:?]
	at org.testng.SuiteRunnerWorker.run(SuiteRunnerWorker.java:96) [testng-7.3.0.jar:?]
	at org.testng.TestNG.runSuitesSequentially(TestNG.java:1218) [testng-7.3.0.jar:?]
	at org.testng.TestNG.runSuitesLocally(TestNG.java:1140) [testng-7.3.0.jar:?]
	at org.testng.TestNG.runSuites(TestNG.java:1069) [testng-7.3.0.jar:?]
	at org.testng.TestNG.run(TestNG.java:1037) [testng-7.3.0.jar:?]
	at com.intellij.rt.testng.IDEARemoteTestNG.run(IDEARemoteTestNG.java:66) [testng-rt.jar:?]
	at com.intellij.rt.testng.RemoteTestNGStarter.main(RemoteTestNGStarter.java:109) [testng-rt.jar:?]
2022-11-14 14:22:13.138 [TestNG-test=Surefire test-1] DEBUG AbstractDriver - Browser Capabilities: Capabilities {acceptInsecureCerts: true, browserName: firefox}
2022-11-14 14:22:13.290 [TestNG-test=Surefire test-1] INFO  TestListener - START google.tests.SearchTests.positiveSearchTest
2022-11-14 14:25:34.123 [main] DEBUG AbstractDriver - Browser Capabilities: Capabilities {acceptInsecureCerts: true, browserName: firefox}
2022-11-14 14:25:34.291 [main] INFO  TestListener - START google.tests.SearchTests.positiveSearchTest
2022-11-14 14:36:35.434 [main] DEBUG AbstractDriver - Browser Capabilities: Capabilities {acceptInsecureCerts: true, browserName: firefox}
2022-11-14 14:36:35.603 [main] INFO  TestListener - START google.tests.SearchTests.positiveSearchTest
2022-11-14 14:40:36.460 [main] FATAL PageFactory - Unable to instantiate PageObject
java.lang.reflect.InvocationTargetException: null
	at sun.reflect.NativeConstructorAccessorImpl.newInstance0(Native Method) ~[?:1.8.0_341]
	at sun.reflect.NativeConstructorAccessorImpl.newInstance(NativeConstructorAccessorImpl.java:62) ~[?:1.8.0_341]
	at sun.reflect.DelegatingConstructorAccessorImpl.newInstance(DelegatingConstructorAccessorImpl.java:45) ~[?:1.8.0_341]
	at java.lang.reflect.Constructor.newInstance(Constructor.java:423) ~[?:1.8.0_341]
	at com.frameworkium.core.ui.pages.PageFactory.instantiatePageObject(PageFactory.java:36) ~[frameworkium-core-3.0.1.jar:?]
	at com.frameworkium.core.ui.pages.PageFactory.newInstance(PageFactory.java:16) ~[frameworkium-core-3.0.1.jar:?]
	at google.pages.GoogleMainPage.open(GoogleMainPage.java:23) ~[test-classes/:?]
	at google.tests.SearchTests.positiveSearchTest(google.tests.SearchTests.java:13) ~[test-classes/:?]
	at sun.reflect.NativeMethodAccessorImpl.invoke0(Native Method) ~[?:1.8.0_341]
	at sun.reflect.NativeMethodAccessorImpl.invoke(NativeMethodAccessorImpl.java:62) ~[?:1.8.0_341]
	at sun.reflect.DelegatingMethodAccessorImpl.invoke(DelegatingMethodAccessorImpl.java:43) ~[?:1.8.0_341]
	at java.lang.reflect.Method.invoke(Method.java:498) ~[?:1.8.0_341]
	at org.junit.platform.commons.util.ReflectionUtils.invokeMethod(ReflectionUtils.java:688) ~[junit-platform-commons-1.7.0.jar:1.7.0]
	at org.junit.jupiter.engine.execution.MethodInvocation.proceed(MethodInvocation.java:60) ~[junit-jupiter-engine-5.7.0.jar:5.7.0]
	at org.junit.jupiter.engine.execution.InvocationInterceptorChain$ValidatingInvocation.proceed(InvocationInterceptorChain.java:131) ~[junit-jupiter-engine-5.7.0.jar:5.7.0]
	at org.junit.jupiter.engine.extension.TimeoutExtension.intercept(TimeoutExtension.java:149) ~[junit-jupiter-engine-5.7.0.jar:5.7.0]
	at org.junit.jupiter.engine.extension.TimeoutExtension.interceptTestableMethod(TimeoutExtension.java:140) ~[junit-jupiter-engine-5.7.0.jar:5.7.0]
	at org.junit.jupiter.engine.extension.TimeoutExtension.interceptTestMethod(TimeoutExtension.java:84) ~[junit-jupiter-engine-5.7.0.jar:5.7.0]
	at org.junit.jupiter.engine.execution.ExecutableInvoker$ReflectiveInterceptorCall.lambda$ofVoidMethod$0(ExecutableInvoker.java:115) ~[junit-jupiter-engine-5.7.0.jar:5.7.0]
	at org.junit.jupiter.engine.execution.ExecutableInvoker.lambda$invoke$0(ExecutableInvoker.java:105) ~[junit-jupiter-engine-5.7.0.jar:5.7.0]
	at org.junit.jupiter.engine.execution.InvocationInterceptorChain$InterceptedInvocation.proceed(InvocationInterceptorChain.java:106) ~[junit-jupiter-engine-5.7.0.jar:5.7.0]
	at org.junit.jupiter.engine.execution.InvocationInterceptorChain.proceed(InvocationInterceptorChain.java:64) ~[junit-jupiter-engine-5.7.0.jar:5.7.0]
	at org.junit.jupiter.engine.execution.InvocationInterceptorChain.chainAndInvoke(InvocationInterceptorChain.java:45) ~[junit-jupiter-engine-5.7.0.jar:5.7.0]
	at org.junit.jupiter.engine.execution.InvocationInterceptorChain.invoke(InvocationInterceptorChain.java:37) ~[junit-jupiter-engine-5.7.0.jar:5.7.0]
	at org.junit.jupiter.engine.execution.ExecutableInvoker.invoke(ExecutableInvoker.java:104) ~[junit-jupiter-engine-5.7.0.jar:5.7.0]
	at org.junit.jupiter.engine.execution.ExecutableInvoker.invoke(ExecutableInvoker.java:98) ~[junit-jupiter-engine-5.7.0.jar:5.7.0]
	at org.junit.jupiter.engine.descriptor.TestMethodTestDescriptor.lambda$invokeTestMethod$6(TestMethodTestDescriptor.java:210) ~[junit-jupiter-engine-5.7.0.jar:5.7.0]
	at org.junit.platform.engine.support.hierarchical.ThrowableCollector.execute(ThrowableCollector.java:73) ~[junit-platform-engine-1.7.0.jar:1.7.0]
	at org.junit.jupiter.engine.descriptor.TestMethodTestDescriptor.invokeTestMethod(TestMethodTestDescriptor.java:206) ~[junit-jupiter-engine-5.7.0.jar:5.7.0]
	at org.junit.jupiter.engine.descriptor.TestMethodTestDescriptor.execute(TestMethodTestDescriptor.java:131) ~[junit-jupiter-engine-5.7.0.jar:5.7.0]
	at org.junit.jupiter.engine.descriptor.TestMethodTestDescriptor.execute(TestMethodTestDescriptor.java:65) ~[junit-jupiter-engine-5.7.0.jar:5.7.0]
	at org.junit.platform.engine.support.hierarchical.NodeTestTask.lambda$executeRecursively$5(NodeTestTask.java:139) ~[junit-platform-engine-1.7.0.jar:1.7.0]
	at org.junit.platform.engine.support.hierarchical.ThrowableCollector.execute(ThrowableCollector.java:73) ~[junit-platform-engine-1.7.0.jar:1.7.0]
	at org.junit.platform.engine.support.hierarchical.NodeTestTask.lambda$executeRecursively$7(NodeTestTask.java:129) ~[junit-platform-engine-1.7.0.jar:1.7.0]
	at org.junit.platform.engine.support.hierarchical.Node.around(Node.java:137) ~[junit-platform-engine-1.7.0.jar:1.7.0]
	at org.junit.platform.engine.support.hierarchical.NodeTestTask.lambda$executeRecursively$8(NodeTestTask.java:127) ~[junit-platform-engine-1.7.0.jar:1.7.0]
	at org.junit.platform.engine.support.hierarchical.ThrowableCollector.execute(ThrowableCollector.java:73) ~[junit-platform-engine-1.7.0.jar:1.7.0]
	at org.junit.platform.engine.support.hierarchical.NodeTestTask.executeRecursively(NodeTestTask.java:126) ~[junit-platform-engine-1.7.0.jar:1.7.0]
	at org.junit.platform.engine.support.hierarchical.NodeTestTask.execute(NodeTestTask.java:84) ~[junit-platform-engine-1.7.0.jar:1.7.0]
	at java.util.ArrayList.forEach(ArrayList.java:1259) ~[?:1.8.0_341]
	at org.junit.platform.engine.support.hierarchical.SameThreadHierarchicalTestExecutorService.invokeAll(SameThreadHierarchicalTestExecutorService.java:38) ~[junit-platform-engine-1.7.0.jar:1.7.0]
	at org.junit.platform.engine.support.hierarchical.NodeTestTask.lambda$executeRecursively$5(NodeTestTask.java:143) ~[junit-platform-engine-1.7.0.jar:1.7.0]
	at org.junit.platform.engine.support.hierarchical.ThrowableCollector.execute(ThrowableCollector.java:73) ~[junit-platform-engine-1.7.0.jar:1.7.0]
	at org.junit.platform.engine.support.hierarchical.NodeTestTask.lambda$executeRecursively$7(NodeTestTask.java:129) ~[junit-platform-engine-1.7.0.jar:1.7.0]
	at org.junit.platform.engine.support.hierarchical.Node.around(Node.java:137) ~[junit-platform-engine-1.7.0.jar:1.7.0]
	at org.junit.platform.engine.support.hierarchical.NodeTestTask.lambda$executeRecursively$8(NodeTestTask.java:127) ~[junit-platform-engine-1.7.0.jar:1.7.0]
	at org.junit.platform.engine.support.hierarchical.ThrowableCollector.execute(ThrowableCollector.java:73) ~[junit-platform-engine-1.7.0.jar:1.7.0]
	at org.junit.platform.engine.support.hierarchical.NodeTestTask.executeRecursively(NodeTestTask.java:126) ~[junit-platform-engine-1.7.0.jar:1.7.0]
	at org.junit.platform.engine.support.hierarchical.NodeTestTask.execute(NodeTestTask.java:84) ~[junit-platform-engine-1.7.0.jar:1.7.0]
	at java.util.ArrayList.forEach(ArrayList.java:1259) ~[?:1.8.0_341]
	at org.junit.platform.engine.support.hierarchical.SameThreadHierarchicalTestExecutorService.invokeAll(SameThreadHierarchicalTestExecutorService.java:38) ~[junit-platform-engine-1.7.0.jar:1.7.0]
	at org.junit.platform.engine.support.hierarchical.NodeTestTask.lambda$executeRecursively$5(NodeTestTask.java:143) ~[junit-platform-engine-1.7.0.jar:1.7.0]
	at org.junit.platform.engine.support.hierarchical.ThrowableCollector.execute(ThrowableCollector.java:73) ~[junit-platform-engine-1.7.0.jar:1.7.0]
	at org.junit.platform.engine.support.hierarchical.NodeTestTask.lambda$executeRecursively$7(NodeTestTask.java:129) ~[junit-platform-engine-1.7.0.jar:1.7.0]
	at org.junit.platform.engine.support.hierarchical.Node.around(Node.java:137) ~[junit-platform-engine-1.7.0.jar:1.7.0]
	at org.junit.platform.engine.support.hierarchical.NodeTestTask.lambda$executeRecursively$8(NodeTestTask.java:127) ~[junit-platform-engine-1.7.0.jar:1.7.0]
	at org.junit.platform.engine.support.hierarchical.ThrowableCollector.execute(ThrowableCollector.java:73) ~[junit-platform-engine-1.7.0.jar:1.7.0]
	at org.junit.platform.engine.support.hierarchical.NodeTestTask.executeRecursively(NodeTestTask.java:126) ~[junit-platform-engine-1.7.0.jar:1.7.0]
	at org.junit.platform.engine.support.hierarchical.NodeTestTask.execute(NodeTestTask.java:84) ~[junit-platform-engine-1.7.0.jar:1.7.0]
	at org.junit.platform.engine.support.hierarchical.SameThreadHierarchicalTestExecutorService.submit(SameThreadHierarchicalTestExecutorService.java:32) ~[junit-platform-engine-1.7.0.jar:1.7.0]
	at org.junit.platform.engine.support.hierarchical.HierarchicalTestExecutor.execute(HierarchicalTestExecutor.java:57) ~[junit-platform-engine-1.7.0.jar:1.7.0]
	at org.junit.platform.engine.support.hierarchical.HierarchicalTestEngine.execute(HierarchicalTestEngine.java:51) ~[junit-platform-engine-1.7.0.jar:1.7.0]
	at org.junit.platform.launcher.core.EngineExecutionOrchestrator.execute(EngineExecutionOrchestrator.java:108) ~[junit-platform-launcher-1.7.0.jar:1.7.0]
	at org.junit.platform.launcher.core.EngineExecutionOrchestrator.execute(EngineExecutionOrchestrator.java:88) ~[junit-platform-launcher-1.7.0.jar:1.7.0]
	at org.junit.platform.launcher.core.EngineExecutionOrchestrator.lambda$execute$0(EngineExecutionOrchestrator.java:54) ~[junit-platform-launcher-1.7.0.jar:1.7.0]
	at org.junit.platform.launcher.core.EngineExecutionOrchestrator.withInterceptedStreams(EngineExecutionOrchestrator.java:67) [junit-platform-launcher-1.7.0.jar:1.7.0]
	at org.junit.platform.launcher.core.EngineExecutionOrchestrator.execute(EngineExecutionOrchestrator.java:52) [junit-platform-launcher-1.7.0.jar:1.7.0]
	at org.junit.platform.launcher.core.DefaultLauncher.execute(DefaultLauncher.java:96) [junit-platform-launcher-1.7.0.jar:1.7.0]
	at org.junit.platform.launcher.core.DefaultLauncher.execute(DefaultLauncher.java:75) [junit-platform-launcher-1.7.0.jar:1.7.0]
	at org.apache.maven.surefire.junitplatform.LazyLauncher.execute(LazyLauncher.java:55) [surefire-junit-platform-3.0.0-M7.jar:3.0.0-M7]
	at org.apache.maven.surefire.junitplatform.JUnitPlatformProvider.execute(JUnitPlatformProvider.java:223) [surefire-junit-platform-3.0.0-M7.jar:3.0.0-M7]
	at org.apache.maven.surefire.junitplatform.JUnitPlatformProvider.invokeAllTests(JUnitPlatformProvider.java:175) [surefire-junit-platform-3.0.0-M7.jar:3.0.0-M7]
	at org.apache.maven.surefire.junitplatform.JUnitPlatformProvider.invoke(JUnitPlatformProvider.java:139) [surefire-junit-platform-3.0.0-M7.jar:3.0.0-M7]
	at org.apache.maven.surefire.booter.ForkedBooter.runSuitesInProcess(ForkedBooter.java:456) [surefire-booter-3.0.0-M7.jar:3.0.0-M7]
	at org.apache.maven.surefire.booter.ForkedBooter.execute(ForkedBooter.java:169) [surefire-booter-3.0.0-M7.jar:3.0.0-M7]
	at org.apache.maven.surefire.booter.ForkedBooter.run(ForkedBooter.java:595) [surefire-booter-3.0.0-M7.jar:3.0.0-M7]
	at org.apache.maven.surefire.booter.ForkedBooter.main(ForkedBooter.java:581) [surefire-booter-3.0.0-M7.jar:3.0.0-M7]
Caused by: java.lang.NullPointerException
	at com.frameworkium.core.ui.UITestLifecycle.getWebDriver(UITestLifecycle.java:138) ~[frameworkium-core-3.0.1.jar:?]
	at com.frameworkium.core.ui.pages.BasePage.<init>(BasePage.java:28) ~[frameworkium-core-3.0.1.jar:?]
	at google.pages.GoogleMainPage.<init>(GoogleMainPage.java:11) ~[test-classes/:?]
	... 77 more
2022-11-14 14:43:16.301 [main] DEBUG AbstractDriver - Browser Capabilities: Capabilities {acceptInsecureCerts: true, browserName: firefox}
2022-11-14 14:43:16.471 [main] INFO  TestListener - START google.tests.SearchTests.positiveSearchTest
2022-11-14 14:43:16.476 [main] WARN  TestListener - SKIP  google.tests.SearchTests.positiveSearchTest
2022-11-14 14:43:16.476 [main] ERROR TestListener - FAIL  google.tests.SearchTests.positiveSearchTest
2022-11-14 14:43:16.476 [main] ERROR TestListener - null
java.lang.NullPointerException: null
	at com.frameworkium.core.ui.driver.lifecycle.SingleUseDriverLifecycle.getWebDriver(SingleUseDriverLifecycle.java:35) ~[frameworkium-core-3.0.1.jar:?]
	at com.frameworkium.core.ui.UITestLifecycle.getWebDriver(UITestLifecycle.java:138) ~[frameworkium-core-3.0.1.jar:?]
	at com.frameworkium.core.ui.listeners.ScreenshotListener.takeScreenshotAndSaveLocally(ScreenshotListener.java:42) ~[frameworkium-core-3.0.1.jar:?]
	at com.frameworkium.core.ui.listeners.ScreenshotListener.onTestSkipped(ScreenshotListener.java:36) ~[frameworkium-core-3.0.1.jar:?]
	at org.testng.internal.TestListenerHelper.runTestListeners(TestListenerHelper.java:87) ~[testng-7.3.0.jar:?]
	at org.testng.internal.TestInvoker.runTestResultListener(TestInvoker.java:220) ~[testng-7.3.0.jar:?]
	at org.testng.internal.TestInvoker.invokeListenersForSkippedTestResult(TestInvoker.java:447) ~[testng-7.3.0.jar:?]
	at org.testng.internal.TestInvoker.invokeMethod(TestInvoker.java:547) ~[testng-7.3.0.jar:?]
	at org.testng.internal.TestInvoker.invokeTestMethod(TestInvoker.java:174) ~[testng-7.3.0.jar:?]
	at org.testng.internal.MethodRunner.runInSequence(MethodRunner.java:46) ~[testng-7.3.0.jar:?]
	at org.testng.internal.TestInvoker$MethodInvocationAgent.invoke(TestInvoker.java:822) ~[testng-7.3.0.jar:?]
	at org.testng.internal.TestInvoker.invokeTestMethods(TestInvoker.java:147) ~[testng-7.3.0.jar:?]
	at org.testng.internal.TestMethodWorker.invokeTestMethods(TestMethodWorker.java:146) ~[testng-7.3.0.jar:?]
	at org.testng.internal.TestMethodWorker.run(TestMethodWorker.java:128) ~[testng-7.3.0.jar:?]
	at java.util.ArrayList.forEach(ArrayList.java:1259) [?:1.8.0_341]
	at org.testng.TestRunner.privateRun(TestRunner.java:764) [testng-7.3.0.jar:?]
	at org.testng.TestRunner.run(TestRunner.java:585) [testng-7.3.0.jar:?]
	at org.testng.SuiteRunner.runTest(SuiteRunner.java:384) [testng-7.3.0.jar:?]
	at org.testng.SuiteRunner.runSequentially(SuiteRunner.java:378) [testng-7.3.0.jar:?]
	at org.testng.SuiteRunner.privateRun(SuiteRunner.java:337) [testng-7.3.0.jar:?]
	at org.testng.SuiteRunner.run(SuiteRunner.java:286) [testng-7.3.0.jar:?]
	at org.testng.SuiteRunnerWorker.runSuite(SuiteRunnerWorker.java:53) [testng-7.3.0.jar:?]
	at org.testng.SuiteRunnerWorker.run(SuiteRunnerWorker.java:96) [testng-7.3.0.jar:?]
	at org.testng.TestNG.runSuitesSequentially(TestNG.java:1218) [testng-7.3.0.jar:?]
	at org.testng.TestNG.runSuitesLocally(TestNG.java:1140) [testng-7.3.0.jar:?]
	at org.testng.TestNG.runSuites(TestNG.java:1069) [testng-7.3.0.jar:?]
	at org.testng.TestNG.run(TestNG.java:1037) [testng-7.3.0.jar:?]
	at com.intellij.rt.testng.IDEARemoteTestNG.run(IDEARemoteTestNG.java:66) [testng-rt.jar:?]
	at com.intellij.rt.testng.RemoteTestNGStarter.main(RemoteTestNGStarter.java:109) [testng-rt.jar:?]
2022-11-14 14:43:41.858 [main] DEBUG AbstractDriver - Browser Capabilities: Capabilities {acceptInsecureCerts: true, browserName: firefox}
2022-11-14 14:43:42.034 [main] INFO  TestListener - START google.tests.SearchTests.positiveSearchTest
2022-11-14 14:44:59.106 [main] DEBUG AbstractDriver - Browser Capabilities: Capabilities {acceptInsecureCerts: true, browserName: firefox}
2022-11-14 14:44:59.279 [main] INFO  TestListener - START google.tests.SearchTests.positiveSearchTest
2022-11-14 14:45:10.435 [main] DEBUG AbstractDriver - Browser Capabilities: Capabilities {acceptInsecureCerts: true, browserName: firefox}
2022-11-14 14:45:10.598 [main] INFO  TestListener - START google.tests.SearchTests.positiveSearchTest
2022-11-14 15:45:28.526 [main] DEBUG AbstractDriver - Browser Capabilities: Capabilities {acceptInsecureCerts: true, browserName: firefox}
2022-11-14 15:45:28.692 [main] INFO  TestListener - START google.tests.SearchTests.positiveSearchTest
2022-11-14 15:45:28.700 [main] WARN  TestListener - SKIP  google.tests.SearchTests.positiveSearchTest
2022-11-14 15:45:28.700 [main] ERROR TestListener - FAIL  google.tests.SearchTests.positiveSearchTest
2022-11-14 15:45:28.700 [main] ERROR TestListener - null
java.lang.NullPointerException: null
	at com.frameworkium.core.ui.driver.lifecycle.SingleUseDriverLifecycle.getWebDriver(SingleUseDriverLifecycle.java:35) ~[frameworkium-core-3.0.1.jar:?]
	at com.frameworkium.core.ui.UITestLifecycle.getWebDriver(UITestLifecycle.java:138) ~[frameworkium-core-3.0.1.jar:?]
	at com.frameworkium.core.ui.listeners.ScreenshotListener.takeScreenshotAndSaveLocally(ScreenshotListener.java:42) ~[frameworkium-core-3.0.1.jar:?]
	at com.frameworkium.core.ui.listeners.ScreenshotListener.onTestSkipped(ScreenshotListener.java:36) ~[frameworkium-core-3.0.1.jar:?]
	at org.testng.internal.TestListenerHelper.runTestListeners(TestListenerHelper.java:87) ~[testng-7.3.0.jar:?]
	at org.testng.internal.TestInvoker.runTestResultListener(TestInvoker.java:220) ~[testng-7.3.0.jar:?]
	at org.testng.internal.TestInvoker.invokeListenersForSkippedTestResult(TestInvoker.java:447) ~[testng-7.3.0.jar:?]
	at org.testng.internal.TestInvoker.invokeMethod(TestInvoker.java:547) ~[testng-7.3.0.jar:?]
	at org.testng.internal.TestInvoker.invokeTestMethod(TestInvoker.java:174) ~[testng-7.3.0.jar:?]
	at org.testng.internal.MethodRunner.runInSequence(MethodRunner.java:46) ~[testng-7.3.0.jar:?]
	at org.testng.internal.TestInvoker$MethodInvocationAgent.invoke(TestInvoker.java:822) ~[testng-7.3.0.jar:?]
	at org.testng.internal.TestInvoker.invokeTestMethods(TestInvoker.java:147) ~[testng-7.3.0.jar:?]
	at org.testng.internal.TestMethodWorker.invokeTestMethods(TestMethodWorker.java:146) ~[testng-7.3.0.jar:?]
	at org.testng.internal.TestMethodWorker.run(TestMethodWorker.java:128) ~[testng-7.3.0.jar:?]
	at java.util.ArrayList.forEach(ArrayList.java:1259) [?:1.8.0_341]
	at org.testng.TestRunner.privateRun(TestRunner.java:764) [testng-7.3.0.jar:?]
	at org.testng.TestRunner.run(TestRunner.java:585) [testng-7.3.0.jar:?]
	at org.testng.SuiteRunner.runTest(SuiteRunner.java:384) [testng-7.3.0.jar:?]
	at org.testng.SuiteRunner.runSequentially(SuiteRunner.java:378) [testng-7.3.0.jar:?]
	at org.testng.SuiteRunner.privateRun(SuiteRunner.java:337) [testng-7.3.0.jar:?]
	at org.testng.SuiteRunner.run(SuiteRunner.java:286) [testng-7.3.0.jar:?]
	at org.testng.SuiteRunnerWorker.runSuite(SuiteRunnerWorker.java:53) [testng-7.3.0.jar:?]
	at org.testng.SuiteRunnerWorker.run(SuiteRunnerWorker.java:96) [testng-7.3.0.jar:?]
	at org.testng.TestNG.runSuitesSequentially(TestNG.java:1218) [testng-7.3.0.jar:?]
	at org.testng.TestNG.runSuitesLocally(TestNG.java:1140) [testng-7.3.0.jar:?]
	at org.testng.TestNG.runSuites(TestNG.java:1069) [testng-7.3.0.jar:?]
	at org.testng.TestNG.run(TestNG.java:1037) [testng-7.3.0.jar:?]
	at com.intellij.rt.testng.IDEARemoteTestNG.run(IDEARemoteTestNG.java:66) [testng-rt.jar:?]
	at com.intellij.rt.testng.RemoteTestNGStarter.main(RemoteTestNGStarter.java:109) [testng-rt.jar:?]
2022-11-14 16:02:52.950 [main] DEBUG AbstractDriver - Browser Capabilities: Capabilities {acceptInsecureCerts: true, browserName: firefox}
2022-11-14 16:02:53.119 [main] INFO  TestListener - START google.tests.SearchTests.positiveSearchTest
2022-11-14 16:02:53.123 [main] WARN  TestListener - SKIP  google.tests.SearchTests.positiveSearchTest
2022-11-14 16:02:53.123 [main] ERROR TestListener - FAIL  google.tests.SearchTests.positiveSearchTest
2022-11-14 16:02:53.123 [main] ERROR TestListener - null
java.lang.NullPointerException: null
	at com.frameworkium.core.ui.driver.lifecycle.SingleUseDriverLifecycle.getWebDriver(SingleUseDriverLifecycle.java:35) ~[frameworkium-core-3.0.1.jar:?]
	at com.frameworkium.core.ui.UITestLifecycle.getWebDriver(UITestLifecycle.java:138) ~[frameworkium-core-3.0.1.jar:?]
	at com.frameworkium.core.ui.listeners.ScreenshotListener.takeScreenshotAndSaveLocally(ScreenshotListener.java:42) ~[frameworkium-core-3.0.1.jar:?]
	at com.frameworkium.core.ui.listeners.ScreenshotListener.onTestSkipped(ScreenshotListener.java:36) ~[frameworkium-core-3.0.1.jar:?]
	at org.testng.internal.TestListenerHelper.runTestListeners(TestListenerHelper.java:87) ~[testng-7.3.0.jar:?]
	at org.testng.internal.TestInvoker.runTestResultListener(TestInvoker.java:220) ~[testng-7.3.0.jar:?]
	at org.testng.internal.TestInvoker.invokeListenersForSkippedTestResult(TestInvoker.java:447) ~[testng-7.3.0.jar:?]
	at org.testng.internal.TestInvoker.invokeMethod(TestInvoker.java:547) ~[testng-7.3.0.jar:?]
	at org.testng.internal.TestInvoker.invokeTestMethod(TestInvoker.java:174) ~[testng-7.3.0.jar:?]
	at org.testng.internal.MethodRunner.runInSequence(MethodRunner.java:46) ~[testng-7.3.0.jar:?]
	at org.testng.internal.TestInvoker$MethodInvocationAgent.invoke(TestInvoker.java:822) ~[testng-7.3.0.jar:?]
	at org.testng.internal.TestInvoker.invokeTestMethods(TestInvoker.java:147) ~[testng-7.3.0.jar:?]
	at org.testng.internal.TestMethodWorker.invokeTestMethods(TestMethodWorker.java:146) ~[testng-7.3.0.jar:?]
	at org.testng.internal.TestMethodWorker.run(TestMethodWorker.java:128) ~[testng-7.3.0.jar:?]
	at java.util.ArrayList.forEach(ArrayList.java:1259) [?:1.8.0_341]
	at org.testng.TestRunner.privateRun(TestRunner.java:764) [testng-7.3.0.jar:?]
	at org.testng.TestRunner.run(TestRunner.java:585) [testng-7.3.0.jar:?]
	at org.testng.SuiteRunner.runTest(SuiteRunner.java:384) [testng-7.3.0.jar:?]
	at org.testng.SuiteRunner.runSequentially(SuiteRunner.java:378) [testng-7.3.0.jar:?]
	at org.testng.SuiteRunner.privateRun(SuiteRunner.java:337) [testng-7.3.0.jar:?]
	at org.testng.SuiteRunner.run(SuiteRunner.java:286) [testng-7.3.0.jar:?]
	at org.testng.SuiteRunnerWorker.runSuite(SuiteRunnerWorker.java:53) [testng-7.3.0.jar:?]
	at org.testng.SuiteRunnerWorker.run(SuiteRunnerWorker.java:96) [testng-7.3.0.jar:?]
	at org.testng.TestNG.runSuitesSequentially(TestNG.java:1218) [testng-7.3.0.jar:?]
	at org.testng.TestNG.runSuitesLocally(TestNG.java:1140) [testng-7.3.0.jar:?]
	at org.testng.TestNG.runSuites(TestNG.java:1069) [testng-7.3.0.jar:?]
	at org.testng.TestNG.run(TestNG.java:1037) [testng-7.3.0.jar:?]
	at com.intellij.rt.testng.IDEARemoteTestNG.run(IDEARemoteTestNG.java:66) [testng-rt.jar:?]
	at com.intellij.rt.testng.RemoteTestNGStarter.main(RemoteTestNGStarter.java:109) [testng-rt.jar:?]
2022-11-15 08:17:37.497 [TestNG-test=Surefire test-1] DEBUG AbstractDriver - Browser Capabilities: Capabilities {acceptInsecureCerts: true, browserName: firefox}
2022-11-15 08:17:37.686 [TestNG-test=Surefire test-1] INFO  TestListener - START google.tests.SearchTests.positiveSearchTest
2022-11-15 08:18:16.151 [TestNG-test=Surefire test-1] DEBUG AbstractDriver - Browser Capabilities: Capabilities {acceptInsecureCerts: true, browserName: firefox}
2022-11-15 08:18:16.320 [TestNG-test=Surefire test-1] INFO  TestListener - START google.tests.SearchTests.positiveSearchTest
2022-11-15 08:18:16.323 [TestNG-test=Surefire test-1] WARN  TestListener - SKIP  google.tests.SearchTests.positiveSearchTest
2022-11-15 08:18:16.323 [TestNG-test=Surefire test-1] ERROR TestListener - FAIL  google.tests.SearchTests.positiveSearchTest
2022-11-15 08:18:16.323 [TestNG-test=Surefire test-1] ERROR TestListener - null
java.lang.NullPointerException: null
	at com.frameworkium.core.ui.driver.lifecycle.SingleUseDriverLifecycle.getWebDriver(SingleUseDriverLifecycle.java:35) ~[frameworkium-core-3.0.1.jar:?]
	at com.frameworkium.core.ui.UITestLifecycle.getWebDriver(UITestLifecycle.java:138) ~[frameworkium-core-3.0.1.jar:?]
	at com.frameworkium.core.ui.listeners.ScreenshotListener.takeScreenshotAndSaveLocally(ScreenshotListener.java:42) ~[frameworkium-core-3.0.1.jar:?]
	at com.frameworkium.core.ui.listeners.ScreenshotListener.onTestSkipped(ScreenshotListener.java:36) ~[frameworkium-core-3.0.1.jar:?]
	at org.testng.internal.TestListenerHelper.runTestListeners(TestListenerHelper.java:87) [testng-7.3.0.jar:?]
	at org.testng.internal.TestInvoker.runTestResultListener(TestInvoker.java:220) ~[testng-7.3.0.jar:?]
	at org.testng.internal.TestInvoker.invokeListenersForSkippedTestResult(TestInvoker.java:447) ~[testng-7.3.0.jar:?]
	at org.testng.internal.TestInvoker.invokeMethod(TestInvoker.java:547) ~[testng-7.3.0.jar:?]
	at org.testng.internal.TestInvoker.invokeTestMethod(TestInvoker.java:174) [testng-7.3.0.jar:?]
	at org.testng.internal.MethodRunner.runInSequence(MethodRunner.java:46) ~[testng-7.3.0.jar:?]
	at org.testng.internal.TestInvoker$MethodInvocationAgent.invoke(TestInvoker.java:822) [testng-7.3.0.jar:?]
	at org.testng.internal.TestInvoker.invokeTestMethods(TestInvoker.java:147) [testng-7.3.0.jar:?]
	at org.testng.internal.TestMethodWorker.invokeTestMethods(TestMethodWorker.java:146) [testng-7.3.0.jar:?]
	at org.testng.internal.TestMethodWorker.run(TestMethodWorker.java:128) [testng-7.3.0.jar:?]
	at java.util.concurrent.ThreadPoolExecutor.runWorker(ThreadPoolExecutor.java:1149) [?:1.8.0_341]
	at java.util.concurrent.ThreadPoolExecutor$Worker.run(ThreadPoolExecutor.java:624) [?:1.8.0_341]
	at java.lang.Thread.run(Thread.java:750) [?:1.8.0_341]
2022-11-15 08:19:23.538 [TestNG-test=Surefire test-1] DEBUG AbstractDriver - Browser Capabilities: Capabilities {acceptInsecureCerts: true, browserName: firefox}
2022-11-15 08:19:23.709 [TestNG-test=Surefire test-1] INFO  TestListener - START google.tests.SearchTests.positiveSearchTest
2022-11-15 08:19:23.716 [TestNG-test=Surefire test-1] WARN  TestListener - SKIP  google.tests.SearchTests.positiveSearchTest
2022-11-15 08:19:23.716 [TestNG-test=Surefire test-1] ERROR TestListener - FAIL  google.tests.SearchTests.positiveSearchTest
2022-11-15 08:19:23.716 [TestNG-test=Surefire test-1] ERROR TestListener - null
java.lang.NullPointerException: null
	at com.frameworkium.core.ui.driver.lifecycle.SingleUseDriverLifecycle.getWebDriver(SingleUseDriverLifecycle.java:35) ~[frameworkium-core-3.0.1.jar:?]
	at com.frameworkium.core.ui.UITestLifecycle.getWebDriver(UITestLifecycle.java:138) ~[frameworkium-core-3.0.1.jar:?]
	at com.frameworkium.core.ui.listeners.ScreenshotListener.takeScreenshotAndSaveLocally(ScreenshotListener.java:42) ~[frameworkium-core-3.0.1.jar:?]
	at com.frameworkium.core.ui.listeners.ScreenshotListener.onTestSkipped(ScreenshotListener.java:36) ~[frameworkium-core-3.0.1.jar:?]
	at org.testng.internal.TestListenerHelper.runTestListeners(TestListenerHelper.java:87) [testng-7.3.0.jar:?]
	at org.testng.internal.TestInvoker.runTestResultListener(TestInvoker.java:220) ~[testng-7.3.0.jar:?]
	at org.testng.internal.TestInvoker.invokeListenersForSkippedTestResult(TestInvoker.java:447) ~[testng-7.3.0.jar:?]
	at org.testng.internal.TestInvoker.invokeMethod(TestInvoker.java:547) ~[testng-7.3.0.jar:?]
	at org.testng.internal.TestInvoker.invokeTestMethod(TestInvoker.java:174) [testng-7.3.0.jar:?]
	at org.testng.internal.MethodRunner.runInSequence(MethodRunner.java:46) ~[testng-7.3.0.jar:?]
	at org.testng.internal.TestInvoker$MethodInvocationAgent.invoke(TestInvoker.java:822) [testng-7.3.0.jar:?]
	at org.testng.internal.TestInvoker.invokeTestMethods(TestInvoker.java:147) [testng-7.3.0.jar:?]
	at org.testng.internal.TestMethodWorker.invokeTestMethods(TestMethodWorker.java:146) [testng-7.3.0.jar:?]
	at org.testng.internal.TestMethodWorker.run(TestMethodWorker.java:128) [testng-7.3.0.jar:?]
	at java.util.concurrent.ThreadPoolExecutor.runWorker(ThreadPoolExecutor.java:1149) [?:1.8.0_341]
	at java.util.concurrent.ThreadPoolExecutor$Worker.run(ThreadPoolExecutor.java:624) [?:1.8.0_341]
	at java.lang.Thread.run(Thread.java:750) [?:1.8.0_341]
2022-11-15 08:19:52.579 [TestNG-test=Surefire test-1] DEBUG AbstractDriver - Browser Capabilities: Capabilities {acceptInsecureCerts: true, browserName: firefox}
2022-11-15 08:19:52.751 [TestNG-test=Surefire test-1] INFO  TestListener - START google.tests.SearchTests.positiveSearchTest
2022-11-15 08:19:52.757 [TestNG-test=Surefire test-1] WARN  TestListener - SKIP  google.tests.SearchTests.positiveSearchTest
2022-11-15 08:19:52.758 [TestNG-test=Surefire test-1] ERROR TestListener - FAIL  google.tests.SearchTests.positiveSearchTest
2022-11-15 08:19:52.758 [TestNG-test=Surefire test-1] ERROR TestListener - null
java.lang.NullPointerException: null
	at com.frameworkium.core.ui.driver.lifecycle.SingleUseDriverLifecycle.getWebDriver(SingleUseDriverLifecycle.java:35) ~[frameworkium-core-3.0.1.jar:?]
	at com.frameworkium.core.ui.UITestLifecycle.getWebDriver(UITestLifecycle.java:138) ~[frameworkium-core-3.0.1.jar:?]
	at com.frameworkium.core.ui.listeners.ScreenshotListener.takeScreenshotAndSaveLocally(ScreenshotListener.java:42) ~[frameworkium-core-3.0.1.jar:?]
	at com.frameworkium.core.ui.listeners.ScreenshotListener.onTestSkipped(ScreenshotListener.java:36) ~[frameworkium-core-3.0.1.jar:?]
	at org.testng.internal.TestListenerHelper.runTestListeners(TestListenerHelper.java:87) [testng-7.3.0.jar:?]
	at org.testng.internal.TestInvoker.runTestResultListener(TestInvoker.java:220) ~[testng-7.3.0.jar:?]
	at org.testng.internal.TestInvoker.invokeListenersForSkippedTestResult(TestInvoker.java:447) ~[testng-7.3.0.jar:?]
	at org.testng.internal.TestInvoker.invokeMethod(TestInvoker.java:547) ~[testng-7.3.0.jar:?]
	at org.testng.internal.TestInvoker.invokeTestMethod(TestInvoker.java:174) [testng-7.3.0.jar:?]
	at org.testng.internal.MethodRunner.runInSequence(MethodRunner.java:46) ~[testng-7.3.0.jar:?]
	at org.testng.internal.TestInvoker$MethodInvocationAgent.invoke(TestInvoker.java:822) [testng-7.3.0.jar:?]
	at org.testng.internal.TestInvoker.invokeTestMethods(TestInvoker.java:147) [testng-7.3.0.jar:?]
	at org.testng.internal.TestMethodWorker.invokeTestMethods(TestMethodWorker.java:146) [testng-7.3.0.jar:?]
	at org.testng.internal.TestMethodWorker.run(TestMethodWorker.java:128) [testng-7.3.0.jar:?]
	at java.util.concurrent.ThreadPoolExecutor.runWorker(ThreadPoolExecutor.java:1149) [?:1.8.0_341]
	at java.util.concurrent.ThreadPoolExecutor$Worker.run(ThreadPoolExecutor.java:624) [?:1.8.0_341]
	at java.lang.Thread.run(Thread.java:750) [?:1.8.0_341]
2022-11-15 08:34:04.644 [TestNG-test=Surefire test-1] DEBUG AbstractDriver - Browser Capabilities: Capabilities {acceptInsecureCerts: true, browserName: firefox}
2022-11-15 08:34:04.816 [TestNG-test=Surefire test-1] INFO  TestListener - START google.tests.SearchTests.positiveSearchTest
2022-11-15 08:34:04.822 [TestNG-test=Surefire test-1] WARN  TestListener - SKIP  google.tests.SearchTests.positiveSearchTest
2022-11-15 08:34:04.822 [TestNG-test=Surefire test-1] ERROR TestListener - FAIL  google.tests.SearchTests.positiveSearchTest
2022-11-15 08:34:04.822 [TestNG-test=Surefire test-1] ERROR TestListener - null
java.lang.NullPointerException: null
	at com.frameworkium.core.ui.driver.lifecycle.SingleUseDriverLifecycle.getWebDriver(SingleUseDriverLifecycle.java:35) ~[frameworkium-core-3.0.1.jar:?]
	at com.frameworkium.core.ui.UITestLifecycle.getWebDriver(UITestLifecycle.java:138) ~[frameworkium-core-3.0.1.jar:?]
	at com.frameworkium.core.ui.listeners.ScreenshotListener.takeScreenshotAndSaveLocally(ScreenshotListener.java:42) ~[frameworkium-core-3.0.1.jar:?]
	at com.frameworkium.core.ui.listeners.ScreenshotListener.onTestSkipped(ScreenshotListener.java:36) ~[frameworkium-core-3.0.1.jar:?]
	at org.testng.internal.TestListenerHelper.runTestListeners(TestListenerHelper.java:87) [testng-7.3.0.jar:?]
	at org.testng.internal.TestInvoker.runTestResultListener(TestInvoker.java:220) ~[testng-7.3.0.jar:?]
	at org.testng.internal.TestInvoker.invokeListenersForSkippedTestResult(TestInvoker.java:447) ~[testng-7.3.0.jar:?]
	at org.testng.internal.TestInvoker.invokeMethod(TestInvoker.java:547) ~[testng-7.3.0.jar:?]
	at org.testng.internal.TestInvoker.invokeTestMethod(TestInvoker.java:174) [testng-7.3.0.jar:?]
	at org.testng.internal.MethodRunner.runInSequence(MethodRunner.java:46) ~[testng-7.3.0.jar:?]
	at org.testng.internal.TestInvoker$MethodInvocationAgent.invoke(TestInvoker.java:822) [testng-7.3.0.jar:?]
	at org.testng.internal.TestInvoker.invokeTestMethods(TestInvoker.java:147) [testng-7.3.0.jar:?]
	at org.testng.internal.TestMethodWorker.invokeTestMethods(TestMethodWorker.java:146) [testng-7.3.0.jar:?]
	at org.testng.internal.TestMethodWorker.run(TestMethodWorker.java:128) [testng-7.3.0.jar:?]
	at java.util.concurrent.ThreadPoolExecutor.runWorker(ThreadPoolExecutor.java:1149) [?:1.8.0_341]
	at java.util.concurrent.ThreadPoolExecutor$Worker.run(ThreadPoolExecutor.java:624) [?:1.8.0_341]
	at java.lang.Thread.run(Thread.java:750) [?:1.8.0_341]
2022-11-15 08:34:18.002 [TestNG-test=Surefire test-1] DEBUG AbstractDriver - Browser Capabilities: Capabilities {browserName: chrome, chrome.prefs: {profile.password_manager_enabled: false}, chrome.switches: [--no-default-browser-check]}
2022-11-15 08:34:18.130 [TestNG-test=Surefire test-1] INFO  TestListener - START google.tests.SearchTests.positiveSearchTest
2022-11-15 08:35:25.789 [TestNG-test=Surefire test-1] DEBUG AbstractDriver - Browser Capabilities: Capabilities {browserName: chrome, chrome.prefs: {profile.password_manager_enabled: false}, chrome.switches: [--no-default-browser-check]}
2022-11-15 08:35:25.930 [TestNG-test=Surefire test-1] INFO  TestListener - START google.tests.SearchTests.positiveSearchTest
2022-11-15 08:40:30.492 [TestNG-test=Surefire test-1] DEBUG AbstractDriver - Browser Capabilities: Capabilities {acceptInsecureCerts: true, browserName: firefox}
2022-11-15 08:40:30.660 [TestNG-test=Surefire test-1] INFO  TestListener - START google.tests.SearchTests.positiveSearchTest
2022-11-15 08:40:30.663 [TestNG-test=Surefire test-1] WARN  TestListener - SKIP  google.tests.SearchTests.positiveSearchTest
2022-11-15 08:40:30.663 [TestNG-test=Surefire test-1] ERROR TestListener - FAIL  google.tests.SearchTests.positiveSearchTest
2022-11-15 08:40:30.663 [TestNG-test=Surefire test-1] ERROR TestListener - null
java.lang.NullPointerException: null
	at com.frameworkium.core.ui.driver.lifecycle.SingleUseDriverLifecycle.getWebDriver(SingleUseDriverLifecycle.java:35) ~[frameworkium-core-3.0.1.jar:?]
	at com.frameworkium.core.ui.UITestLifecycle.getWebDriver(UITestLifecycle.java:138) ~[frameworkium-core-3.0.1.jar:?]
	at com.frameworkium.core.ui.listeners.ScreenshotListener.takeScreenshotAndSaveLocally(ScreenshotListener.java:42) ~[frameworkium-core-3.0.1.jar:?]
	at com.frameworkium.core.ui.listeners.ScreenshotListener.onTestSkipped(ScreenshotListener.java:36) ~[frameworkium-core-3.0.1.jar:?]
	at org.testng.internal.TestListenerHelper.runTestListeners(TestListenerHelper.java:87) [testng-7.3.0.jar:?]
	at org.testng.internal.TestInvoker.runTestResultListener(TestInvoker.java:220) ~[testng-7.3.0.jar:?]
	at org.testng.internal.TestInvoker.invokeListenersForSkippedTestResult(TestInvoker.java:447) ~[testng-7.3.0.jar:?]
	at org.testng.internal.TestInvoker.invokeMethod(TestInvoker.java:547) ~[testng-7.3.0.jar:?]
	at org.testng.internal.TestInvoker.invokeTestMethod(TestInvoker.java:174) [testng-7.3.0.jar:?]
	at org.testng.internal.MethodRunner.runInSequence(MethodRunner.java:46) ~[testng-7.3.0.jar:?]
	at org.testng.internal.TestInvoker$MethodInvocationAgent.invoke(TestInvoker.java:822) [testng-7.3.0.jar:?]
	at org.testng.internal.TestInvoker.invokeTestMethods(TestInvoker.java:147) [testng-7.3.0.jar:?]
	at org.testng.internal.TestMethodWorker.invokeTestMethods(TestMethodWorker.java:146) [testng-7.3.0.jar:?]
	at org.testng.internal.TestMethodWorker.run(TestMethodWorker.java:128) [testng-7.3.0.jar:?]
	at java.util.concurrent.ThreadPoolExecutor.runWorker(ThreadPoolExecutor.java:1149) [?:1.8.0_341]
	at java.util.concurrent.ThreadPoolExecutor$Worker.run(ThreadPoolExecutor.java:624) [?:1.8.0_341]
	at java.lang.Thread.run(Thread.java:750) [?:1.8.0_341]
2022-11-15 08:40:39.691 [TestNG-test=Surefire test-1] DEBUG AbstractDriver - Browser Capabilities: Capabilities {browserName: chrome, chrome.prefs: {profile.password_manager_enabled: false}, chrome.switches: [--no-default-browser-check]}
2022-11-15 08:40:39.824 [TestNG-test=Surefire test-1] INFO  TestListener - START google.tests.SearchTests.positiveSearchTest
2022-11-15 08:40:39.831 [TestNG-test=Surefire test-1] WARN  TestListener - SKIP  google.tests.SearchTests.positiveSearchTest
2022-11-15 08:40:39.832 [TestNG-test=Surefire test-1] ERROR TestListener - FAIL  google.tests.SearchTests.positiveSearchTest
2022-11-15 08:40:39.832 [TestNG-test=Surefire test-1] ERROR TestListener - null
java.lang.NullPointerException: null
	at com.frameworkium.core.ui.driver.lifecycle.SingleUseDriverLifecycle.getWebDriver(SingleUseDriverLifecycle.java:35) ~[frameworkium-core-3.0.1.jar:?]
	at com.frameworkium.core.ui.UITestLifecycle.getWebDriver(UITestLifecycle.java:138) ~[frameworkium-core-3.0.1.jar:?]
	at com.frameworkium.core.ui.listeners.ScreenshotListener.takeScreenshotAndSaveLocally(ScreenshotListener.java:42) ~[frameworkium-core-3.0.1.jar:?]
	at com.frameworkium.core.ui.listeners.ScreenshotListener.onTestSkipped(ScreenshotListener.java:36) ~[frameworkium-core-3.0.1.jar:?]
	at org.testng.internal.TestListenerHelper.runTestListeners(TestListenerHelper.java:87) [testng-7.3.0.jar:?]
	at org.testng.internal.TestInvoker.runTestResultListener(TestInvoker.java:220) ~[testng-7.3.0.jar:?]
	at org.testng.internal.TestInvoker.invokeListenersForSkippedTestResult(TestInvoker.java:447) ~[testng-7.3.0.jar:?]
	at org.testng.internal.TestInvoker.invokeMethod(TestInvoker.java:547) ~[testng-7.3.0.jar:?]
	at org.testng.internal.TestInvoker.invokeTestMethod(TestInvoker.java:174) [testng-7.3.0.jar:?]
	at org.testng.internal.MethodRunner.runInSequence(MethodRunner.java:46) ~[testng-7.3.0.jar:?]
	at org.testng.internal.TestInvoker$MethodInvocationAgent.invoke(TestInvoker.java:822) [testng-7.3.0.jar:?]
	at org.testng.internal.TestInvoker.invokeTestMethods(TestInvoker.java:147) [testng-7.3.0.jar:?]
	at org.testng.internal.TestMethodWorker.invokeTestMethods(TestMethodWorker.java:146) [testng-7.3.0.jar:?]
	at org.testng.internal.TestMethodWorker.run(TestMethodWorker.java:128) [testng-7.3.0.jar:?]
	at java.util.concurrent.ThreadPoolExecutor.runWorker(ThreadPoolExecutor.java:1149) [?:1.8.0_341]
	at java.util.concurrent.ThreadPoolExecutor$Worker.run(ThreadPoolExecutor.java:624) [?:1.8.0_341]
	at java.lang.Thread.run(Thread.java:750) [?:1.8.0_341]
2022-11-15 08:41:18.277 [TestNG-test=Surefire test-1] DEBUG AbstractDriver - Browser Capabilities: Capabilities {browserName: chrome, chrome.prefs: {profile.password_manager_enabled: false}, chrome.switches: [--no-default-browser-check]}
2022-11-15 08:41:18.413 [TestNG-test=Surefire test-1] INFO  TestListener - START google.tests.SearchTests.positiveSearchTest
2022-11-15 08:41:18.420 [TestNG-test=Surefire test-1] WARN  TestListener - SKIP  google.tests.SearchTests.positiveSearchTest
2022-11-15 08:41:18.421 [TestNG-test=Surefire test-1] ERROR TestListener - FAIL  google.tests.SearchTests.positiveSearchTest
2022-11-15 08:41:18.421 [TestNG-test=Surefire test-1] ERROR TestListener - null
java.lang.NullPointerException: null
	at com.frameworkium.core.ui.driver.lifecycle.SingleUseDriverLifecycle.getWebDriver(SingleUseDriverLifecycle.java:35) ~[frameworkium-core-3.0.1.jar:?]
	at com.frameworkium.core.ui.UITestLifecycle.getWebDriver(UITestLifecycle.java:138) ~[frameworkium-core-3.0.1.jar:?]
	at com.frameworkium.core.ui.listeners.ScreenshotListener.takeScreenshotAndSaveLocally(ScreenshotListener.java:42) ~[frameworkium-core-3.0.1.jar:?]
	at com.frameworkium.core.ui.listeners.ScreenshotListener.onTestSkipped(ScreenshotListener.java:36) ~[frameworkium-core-3.0.1.jar:?]
	at org.testng.internal.TestListenerHelper.runTestListeners(TestListenerHelper.java:87) [testng-7.3.0.jar:?]
	at org.testng.internal.TestInvoker.runTestResultListener(TestInvoker.java:220) ~[testng-7.3.0.jar:?]
	at org.testng.internal.TestInvoker.invokeListenersForSkippedTestResult(TestInvoker.java:447) ~[testng-7.3.0.jar:?]
	at org.testng.internal.TestInvoker.invokeMethod(TestInvoker.java:547) ~[testng-7.3.0.jar:?]
	at org.testng.internal.TestInvoker.invokeTestMethod(TestInvoker.java:174) [testng-7.3.0.jar:?]
	at org.testng.internal.MethodRunner.runInSequence(MethodRunner.java:46) ~[testng-7.3.0.jar:?]
	at org.testng.internal.TestInvoker$MethodInvocationAgent.invoke(TestInvoker.java:822) [testng-7.3.0.jar:?]
	at org.testng.internal.TestInvoker.invokeTestMethods(TestInvoker.java:147) [testng-7.3.0.jar:?]
	at org.testng.internal.TestMethodWorker.invokeTestMethods(TestMethodWorker.java:146) [testng-7.3.0.jar:?]
	at org.testng.internal.TestMethodWorker.run(TestMethodWorker.java:128) [testng-7.3.0.jar:?]
	at java.util.concurrent.ThreadPoolExecutor.runWorker(ThreadPoolExecutor.java:1149) [?:1.8.0_341]
	at java.util.concurrent.ThreadPoolExecutor$Worker.run(ThreadPoolExecutor.java:624) [?:1.8.0_341]
	at java.lang.Thread.run(Thread.java:750) [?:1.8.0_341]
2022-11-15 08:42:29.899 [TestNG-test=Surefire test-1] DEBUG AbstractDriver - Browser Capabilities: Capabilities {browserName: chrome, chrome.prefs: {profile.password_manager_enabled: false}, chrome.switches: [--no-default-browser-check]}
2022-11-15 08:42:30.026 [TestNG-test=Surefire test-1] INFO  TestListener - START google.tests.SearchTests.positiveSearchTest
2022-11-15 08:42:30.032 [TestNG-test=Surefire test-1] WARN  TestListener - SKIP  google.tests.SearchTests.positiveSearchTest
2022-11-15 08:42:30.032 [TestNG-test=Surefire test-1] ERROR TestListener - FAIL  google.tests.SearchTests.positiveSearchTest
2022-11-15 08:42:30.032 [TestNG-test=Surefire test-1] ERROR TestListener - null
java.lang.NullPointerException: null
	at com.frameworkium.core.ui.driver.lifecycle.SingleUseDriverLifecycle.getWebDriver(SingleUseDriverLifecycle.java:35) ~[frameworkium-core-3.0.1.jar:?]
	at com.frameworkium.core.ui.UITestLifecycle.getWebDriver(UITestLifecycle.java:138) ~[frameworkium-core-3.0.1.jar:?]
	at com.frameworkium.core.ui.listeners.ScreenshotListener.takeScreenshotAndSaveLocally(ScreenshotListener.java:42) ~[frameworkium-core-3.0.1.jar:?]
	at com.frameworkium.core.ui.listeners.ScreenshotListener.onTestSkipped(ScreenshotListener.java:36) ~[frameworkium-core-3.0.1.jar:?]
	at org.testng.internal.TestListenerHelper.runTestListeners(TestListenerHelper.java:87) [testng-7.3.0.jar:?]
	at org.testng.internal.TestInvoker.runTestResultListener(TestInvoker.java:220) ~[testng-7.3.0.jar:?]
	at org.testng.internal.TestInvoker.invokeListenersForSkippedTestResult(TestInvoker.java:447) ~[testng-7.3.0.jar:?]
	at org.testng.internal.TestInvoker.invokeMethod(TestInvoker.java:547) ~[testng-7.3.0.jar:?]
	at org.testng.internal.TestInvoker.invokeTestMethod(TestInvoker.java:174) [testng-7.3.0.jar:?]
	at org.testng.internal.MethodRunner.runInSequence(MethodRunner.java:46) ~[testng-7.3.0.jar:?]
	at org.testng.internal.TestInvoker$MethodInvocationAgent.invoke(TestInvoker.java:822) [testng-7.3.0.jar:?]
	at org.testng.internal.TestInvoker.invokeTestMethods(TestInvoker.java:147) [testng-7.3.0.jar:?]
	at org.testng.internal.TestMethodWorker.invokeTestMethods(TestMethodWorker.java:146) [testng-7.3.0.jar:?]
	at org.testng.internal.TestMethodWorker.run(TestMethodWorker.java:128) [testng-7.3.0.jar:?]
	at java.util.concurrent.ThreadPoolExecutor.runWorker(ThreadPoolExecutor.java:1149) [?:1.8.0_341]
	at java.util.concurrent.ThreadPoolExecutor$Worker.run(ThreadPoolExecutor.java:624) [?:1.8.0_341]
	at java.lang.Thread.run(Thread.java:750) [?:1.8.0_341]
2022-11-15 08:44:05.150 [TestNG-test=Surefire test-1] DEBUG AbstractDriver - Browser Capabilities: Capabilities {browserName: chrome, chrome.prefs: {profile.password_manager_enabled: false}, chrome.switches: [--no-default-browser-check]}
2022-11-15 08:44:05.284 [TestNG-test=Surefire test-1] INFO  TestListener - START google.tests.SearchTests.positiveSearchTest
2022-11-15 08:44:05.291 [TestNG-test=Surefire test-1] WARN  TestListener - SKIP  google.tests.SearchTests.positiveSearchTest
2022-11-15 08:44:05.291 [TestNG-test=Surefire test-1] ERROR TestListener - FAIL  google.tests.SearchTests.positiveSearchTest
2022-11-15 08:44:05.291 [TestNG-test=Surefire test-1] ERROR TestListener - null
java.lang.NullPointerException: null
	at com.frameworkium.core.ui.driver.lifecycle.SingleUseDriverLifecycle.getWebDriver(SingleUseDriverLifecycle.java:35) ~[frameworkium-core-3.0.1.jar:?]
	at com.frameworkium.core.ui.UITestLifecycle.getWebDriver(UITestLifecycle.java:138) ~[frameworkium-core-3.0.1.jar:?]
	at com.frameworkium.core.ui.listeners.ScreenshotListener.takeScreenshotAndSaveLocally(ScreenshotListener.java:42) ~[frameworkium-core-3.0.1.jar:?]
	at com.frameworkium.core.ui.listeners.ScreenshotListener.onTestSkipped(ScreenshotListener.java:36) ~[frameworkium-core-3.0.1.jar:?]
	at org.testng.internal.TestListenerHelper.runTestListeners(TestListenerHelper.java:87) [testng-7.3.0.jar:?]
	at org.testng.internal.TestInvoker.runTestResultListener(TestInvoker.java:220) ~[testng-7.3.0.jar:?]
	at org.testng.internal.TestInvoker.invokeListenersForSkippedTestResult(TestInvoker.java:447) ~[testng-7.3.0.jar:?]
	at org.testng.internal.TestInvoker.invokeMethod(TestInvoker.java:547) ~[testng-7.3.0.jar:?]
	at org.testng.internal.TestInvoker.invokeTestMethod(TestInvoker.java:174) [testng-7.3.0.jar:?]
	at org.testng.internal.MethodRunner.runInSequence(MethodRunner.java:46) ~[testng-7.3.0.jar:?]
	at org.testng.internal.TestInvoker$MethodInvocationAgent.invoke(TestInvoker.java:822) [testng-7.3.0.jar:?]
	at org.testng.internal.TestInvoker.invokeTestMethods(TestInvoker.java:147) [testng-7.3.0.jar:?]
	at org.testng.internal.TestMethodWorker.invokeTestMethods(TestMethodWorker.java:146) [testng-7.3.0.jar:?]
	at org.testng.internal.TestMethodWorker.run(TestMethodWorker.java:128) [testng-7.3.0.jar:?]
	at java.util.concurrent.ThreadPoolExecutor.runWorker(ThreadPoolExecutor.java:1149) [?:1.8.0_341]
	at java.util.concurrent.ThreadPoolExecutor$Worker.run(ThreadPoolExecutor.java:624) [?:1.8.0_341]
	at java.lang.Thread.run(Thread.java:750) [?:1.8.0_341]
2022-11-15 12:33:50.135 [TestNG-test=Surefire test-1] DEBUG AbstractDriver - Browser Capabilities: Capabilities {acceptInsecureCerts: true, browserName: firefox}
2022-11-15 12:33:50.301 [TestNG-test=Surefire test-1] INFO  TestListener - START google.tests.SearchTests.positiveSearchTest
2022-11-15 12:33:50.306 [TestNG-test=Surefire test-1] WARN  TestListener - SKIP  google.tests.SearchTests.positiveSearchTest
2022-11-15 12:33:50.308 [TestNG-test=Surefire test-1] ERROR TestListener - FAIL  google.tests.SearchTests.positiveSearchTest
2022-11-15 12:33:50.308 [TestNG-test=Surefire test-1] ERROR TestListener - null
java.lang.NullPointerException: null
	at com.frameworkium.core.ui.driver.lifecycle.SingleUseDriverLifecycle.getWebDriver(SingleUseDriverLifecycle.java:35) ~[frameworkium-core-3.0.1.jar:?]
	at com.frameworkium.core.ui.UITestLifecycle.getWebDriver(UITestLifecycle.java:138) ~[frameworkium-core-3.0.1.jar:?]
	at com.frameworkium.core.ui.listeners.ScreenshotListener.takeScreenshotAndSaveLocally(ScreenshotListener.java:42) ~[frameworkium-core-3.0.1.jar:?]
	at com.frameworkium.core.ui.listeners.ScreenshotListener.onTestSkipped(ScreenshotListener.java:36) ~[frameworkium-core-3.0.1.jar:?]
	at org.testng.internal.TestListenerHelper.runTestListeners(TestListenerHelper.java:87) [testng-7.3.0.jar:?]
	at org.testng.internal.TestInvoker.runTestResultListener(TestInvoker.java:220) ~[testng-7.3.0.jar:?]
	at org.testng.internal.TestInvoker.invokeListenersForSkippedTestResult(TestInvoker.java:447) ~[testng-7.3.0.jar:?]
	at org.testng.internal.TestInvoker.invokeMethod(TestInvoker.java:547) ~[testng-7.3.0.jar:?]
	at org.testng.internal.TestInvoker.invokeTestMethod(TestInvoker.java:174) [testng-7.3.0.jar:?]
	at org.testng.internal.MethodRunner.runInSequence(MethodRunner.java:46) ~[testng-7.3.0.jar:?]
	at org.testng.internal.TestInvoker$MethodInvocationAgent.invoke(TestInvoker.java:822) [testng-7.3.0.jar:?]
	at org.testng.internal.TestInvoker.invokeTestMethods(TestInvoker.java:147) [testng-7.3.0.jar:?]
	at org.testng.internal.TestMethodWorker.invokeTestMethods(TestMethodWorker.java:146) [testng-7.3.0.jar:?]
	at org.testng.internal.TestMethodWorker.run(TestMethodWorker.java:128) [testng-7.3.0.jar:?]
	at java.util.concurrent.ThreadPoolExecutor.runWorker(ThreadPoolExecutor.java:1149) [?:1.8.0_341]
	at java.util.concurrent.ThreadPoolExecutor$Worker.run(ThreadPoolExecutor.java:624) [?:1.8.0_341]
	at java.lang.Thread.run(Thread.java:750) [?:1.8.0_341]
2022-11-15 12:40:28.133 [TestNG-test=Surefire test-1] DEBUG AbstractDriver - Browser Capabilities: Capabilities {browserName: chrome, chrome.prefs: {profile.password_manager_enabled: false}, chrome.switches: [--no-default-browser-check]}
2022-11-15 12:40:28.268 [TestNG-test=Surefire test-1] INFO  TestListener - START google.tests.SearchTests.positiveSearchTest
2022-11-15 12:40:28.275 [TestNG-test=Surefire test-1] WARN  TestListener - SKIP  google.tests.SearchTests.positiveSearchTest
2022-11-15 12:40:28.275 [TestNG-test=Surefire test-1] ERROR TestListener - FAIL  google.tests.SearchTests.positiveSearchTest
2022-11-15 12:40:28.275 [TestNG-test=Surefire test-1] ERROR TestListener - null
java.lang.NullPointerException: null
	at com.frameworkium.core.ui.driver.lifecycle.SingleUseDriverLifecycle.getWebDriver(SingleUseDriverLifecycle.java:35) ~[frameworkium-core-3.0.1.jar:?]
	at com.frameworkium.core.ui.UITestLifecycle.getWebDriver(UITestLifecycle.java:138) ~[frameworkium-core-3.0.1.jar:?]
	at com.frameworkium.core.ui.listeners.ScreenshotListener.takeScreenshotAndSaveLocally(ScreenshotListener.java:42) ~[frameworkium-core-3.0.1.jar:?]
	at com.frameworkium.core.ui.listeners.ScreenshotListener.onTestSkipped(ScreenshotListener.java:36) ~[frameworkium-core-3.0.1.jar:?]
	at org.testng.internal.TestListenerHelper.runTestListeners(TestListenerHelper.java:87) [testng-7.3.0.jar:?]
	at org.testng.internal.TestInvoker.runTestResultListener(TestInvoker.java:220) ~[testng-7.3.0.jar:?]
	at org.testng.internal.TestInvoker.invokeListenersForSkippedTestResult(TestInvoker.java:447) ~[testng-7.3.0.jar:?]
	at org.testng.internal.TestInvoker.invokeMethod(TestInvoker.java:547) ~[testng-7.3.0.jar:?]
	at org.testng.internal.TestInvoker.invokeTestMethod(TestInvoker.java:174) [testng-7.3.0.jar:?]
	at org.testng.internal.MethodRunner.runInSequence(MethodRunner.java:46) ~[testng-7.3.0.jar:?]
	at org.testng.internal.TestInvoker$MethodInvocationAgent.invoke(TestInvoker.java:822) [testng-7.3.0.jar:?]
	at org.testng.internal.TestInvoker.invokeTestMethods(TestInvoker.java:147) [testng-7.3.0.jar:?]
	at org.testng.internal.TestMethodWorker.invokeTestMethods(TestMethodWorker.java:146) [testng-7.3.0.jar:?]
	at org.testng.internal.TestMethodWorker.run(TestMethodWorker.java:128) [testng-7.3.0.jar:?]
	at java.util.concurrent.ThreadPoolExecutor.runWorker(ThreadPoolExecutor.java:1149) [?:1.8.0_341]
	at java.util.concurrent.ThreadPoolExecutor$Worker.run(ThreadPoolExecutor.java:624) [?:1.8.0_341]
	at java.lang.Thread.run(Thread.java:750) [?:1.8.0_341]
2022-11-15 12:41:26.762 [main] DEBUG AbstractDriver - Browser Capabilities: Capabilities {acceptInsecureCerts: true, browserName: firefox}
2022-11-15 12:41:26.931 [main] INFO  TestListener - START google.tests.SearchTests.positiveSearchTest
2022-11-15 12:41:26.936 [main] WARN  TestListener - SKIP  google.tests.SearchTests.positiveSearchTest
2022-11-15 12:41:26.937 [main] ERROR TestListener - FAIL  google.tests.SearchTests.positiveSearchTest
2022-11-15 12:41:26.937 [main] ERROR TestListener - null
java.lang.NullPointerException: null
	at com.frameworkium.core.ui.driver.lifecycle.SingleUseDriverLifecycle.getWebDriver(SingleUseDriverLifecycle.java:35) ~[frameworkium-core-3.0.1.jar:?]
	at com.frameworkium.core.ui.UITestLifecycle.getWebDriver(UITestLifecycle.java:138) ~[frameworkium-core-3.0.1.jar:?]
	at com.frameworkium.core.ui.listeners.ScreenshotListener.takeScreenshotAndSaveLocally(ScreenshotListener.java:42) ~[frameworkium-core-3.0.1.jar:?]
	at com.frameworkium.core.ui.listeners.ScreenshotListener.onTestSkipped(ScreenshotListener.java:36) ~[frameworkium-core-3.0.1.jar:?]
	at org.testng.internal.TestListenerHelper.runTestListeners(TestListenerHelper.java:87) ~[testng-7.3.0.jar:?]
	at org.testng.internal.TestInvoker.runTestResultListener(TestInvoker.java:220) ~[testng-7.3.0.jar:?]
	at org.testng.internal.TestInvoker.invokeListenersForSkippedTestResult(TestInvoker.java:447) ~[testng-7.3.0.jar:?]
	at org.testng.internal.TestInvoker.invokeMethod(TestInvoker.java:547) ~[testng-7.3.0.jar:?]
	at org.testng.internal.TestInvoker.invokeTestMethod(TestInvoker.java:174) ~[testng-7.3.0.jar:?]
	at org.testng.internal.MethodRunner.runInSequence(MethodRunner.java:46) ~[testng-7.3.0.jar:?]
	at org.testng.internal.TestInvoker$MethodInvocationAgent.invoke(TestInvoker.java:822) ~[testng-7.3.0.jar:?]
	at org.testng.internal.TestInvoker.invokeTestMethods(TestInvoker.java:147) ~[testng-7.3.0.jar:?]
	at org.testng.internal.TestMethodWorker.invokeTestMethods(TestMethodWorker.java:146) ~[testng-7.3.0.jar:?]
	at org.testng.internal.TestMethodWorker.run(TestMethodWorker.java:128) ~[testng-7.3.0.jar:?]
	at java.util.ArrayList.forEach(ArrayList.java:1259) [?:1.8.0_341]
	at org.testng.TestRunner.privateRun(TestRunner.java:764) [testng-7.3.0.jar:?]
	at org.testng.TestRunner.run(TestRunner.java:585) [testng-7.3.0.jar:?]
	at org.testng.SuiteRunner.runTest(SuiteRunner.java:384) [testng-7.3.0.jar:?]
	at org.testng.SuiteRunner.runSequentially(SuiteRunner.java:378) [testng-7.3.0.jar:?]
	at org.testng.SuiteRunner.privateRun(SuiteRunner.java:337) [testng-7.3.0.jar:?]
	at org.testng.SuiteRunner.run(SuiteRunner.java:286) [testng-7.3.0.jar:?]
	at org.testng.SuiteRunnerWorker.runSuite(SuiteRunnerWorker.java:53) [testng-7.3.0.jar:?]
	at org.testng.SuiteRunnerWorker.run(SuiteRunnerWorker.java:96) [testng-7.3.0.jar:?]
	at org.testng.TestNG.runSuitesSequentially(TestNG.java:1218) [testng-7.3.0.jar:?]
	at org.testng.TestNG.runSuitesLocally(TestNG.java:1140) [testng-7.3.0.jar:?]
	at org.testng.TestNG.runSuites(TestNG.java:1069) [testng-7.3.0.jar:?]
	at org.testng.TestNG.run(TestNG.java:1037) [testng-7.3.0.jar:?]
	at com.intellij.rt.testng.IDEARemoteTestNG.run(IDEARemoteTestNG.java:66) [testng-rt.jar:?]
	at com.intellij.rt.testng.RemoteTestNGStarter.main(RemoteTestNGStarter.java:109) [testng-rt.jar:?]
2022-11-15 12:53:33.769 [TestNG-test=Surefire test-1] DEBUG AbstractDriver - Browser Capabilities: Capabilities {acceptInsecureCerts: true, browserName: firefox}
2022-11-15 12:53:33.937 [TestNG-test=Surefire test-1] INFO  TestListener - START google.tests.SearchTests.positiveSearchTest
2022-11-15 12:56:13.786 [TestNG-test=Surefire test-1] DEBUG AbstractDriver - Browser Capabilities: Capabilities {acceptInsecureCerts: true, browserName: firefox}
2022-11-15 12:56:13.963 [TestNG-test=Surefire test-1] INFO  TestListener - START google.tests.SearchTests.positiveSearchTest
2022-11-15 12:56:41.569 [TestNG-test=Surefire test-1] DEBUG AbstractDriver - Browser Capabilities: Capabilities {acceptInsecureCerts: true, browserName: firefox}
2022-11-15 12:56:41.745 [TestNG-test=Surefire test-1] INFO  TestListener - START google.tests.SearchTests.positiveSearchTest
2022-11-15 12:57:38.170 [TestNG-test=Surefire test-1] DEBUG AbstractDriver - Browser Capabilities: Capabilities {acceptInsecureCerts: true, browserName: firefox}
2022-11-15 12:57:38.348 [TestNG-test=Surefire test-1] INFO  TestListener - START google.tests.SearchTests.positiveSearchTest
2022-11-15 13:27:47.001 [main] INFO  TestListener - START api.tests.BookerTest.createBookingTest
2022-11-15 13:27:47.038 [main] INFO  TestListener - PASS  api.tests.BookerTest.createBookingTest
2022-11-15 13:42:38.240 [main] INFO  TestListener - START api.tests.BookerTest.createBookingTest
2022-11-15 13:42:41.013 [main] ERROR TestListener - FAIL  api.tests.BookerTest.createBookingTest
2022-11-15 13:42:41.014 [main] ERROR TestListener - Unrecognized field "bookingid" (class api.dto.CreateBookingResponse), not marked as ignorable (2 known properties: "booking", "bookingId"])
 at [Source: (String)"{"bookingid":13,"booking":{"firstname":"firstname-1588465816","lastname":"lastname-1588465816","totalprice":-1588465816,"depositpaid":false,"bookingdates":{"checkin":"2022-11-16","checkout":"2022-11-25"},"additionalneeds":null}}"; line: 1, column: 16] (through reference chain: api.dto.CreateBookingResponse["bookingid"])
com.fasterxml.jackson.databind.exc.UnrecognizedPropertyException: Unrecognized field "bookingid" (class api.dto.CreateBookingResponse), not marked as ignorable (2 known properties: "booking", "bookingId"])
 at [Source: (String)"{"bookingid":13,"booking":{"firstname":"firstname-1588465816","lastname":"lastname-1588465816","totalprice":-1588465816,"depositpaid":false,"bookingdates":{"checkin":"2022-11-16","checkout":"2022-11-25"},"additionalneeds":null}}"; line: 1, column: 16] (through reference chain: api.dto.CreateBookingResponse["bookingid"])
	at com.fasterxml.jackson.databind.exc.UnrecognizedPropertyException.from(UnrecognizedPropertyException.java:61) ~[jackson-databind-2.9.8.jar:2.9.8]
	at com.fasterxml.jackson.databind.DeserializationContext.handleUnknownProperty(DeserializationContext.java:823) ~[jackson-databind-2.9.8.jar:2.9.8]
	at com.fasterxml.jackson.databind.deser.std.StdDeserializer.handleUnknownProperty(StdDeserializer.java:1153) ~[jackson-databind-2.9.8.jar:2.9.8]
	at com.fasterxml.jackson.databind.deser.BeanDeserializerBase.handleUnknownProperty(BeanDeserializerBase.java:1589) ~[jackson-databind-2.9.8.jar:2.9.8]
	at com.fasterxml.jackson.databind.deser.BeanDeserializerBase.handleUnknownVanilla(BeanDeserializerBase.java:1567) ~[jackson-databind-2.9.8.jar:2.9.8]
	at com.fasterxml.jackson.databind.deser.BeanDeserializer.vanillaDeserialize(BeanDeserializer.java:294) ~[jackson-databind-2.9.8.jar:2.9.8]
	at com.fasterxml.jackson.databind.deser.BeanDeserializer.deserialize(BeanDeserializer.java:151) ~[jackson-databind-2.9.8.jar:2.9.8]
	at com.fasterxml.jackson.databind.ObjectMapper._readMapAndClose(ObjectMapper.java:4013) ~[jackson-databind-2.9.8.jar:2.9.8]
	at com.fasterxml.jackson.databind.ObjectMapper.readValue(ObjectMapper.java:3042) ~[jackson-databind-2.9.8.jar:2.9.8]
	at com.fasterxml.jackson.databind.ObjectMapper$readValue$2.call(Unknown Source) ~[?:?]
	at org.codehaus.groovy.runtime.callsite.CallSiteArray.defaultCall(CallSiteArray.java:47) ~[groovy-3.0.7.jar:3.0.7]
	at org.codehaus.groovy.runtime.callsite.AbstractCallSite.call(AbstractCallSite.java:125) ~[groovy-3.0.7.jar:3.0.7]
	at org.codehaus.groovy.runtime.callsite.AbstractCallSite.call(AbstractCallSite.java:148) ~[groovy-3.0.7.jar:3.0.7]
	at io.restassured.internal.path.json.mapping.JsonPathJackson2ObjectDeserializer.deserialize(JsonPathJackson2ObjectDeserializer.groovy:46) ~[json-path-4.2.0.jar:?]
	at io.restassured.path.json.mapping.JsonPathObjectDeserializer$deserialize.call(Unknown Source) ~[?:?]
	at org.codehaus.groovy.runtime.callsite.CallSiteArray.defaultCall(CallSiteArray.java:47) ~[groovy-3.0.7.jar:3.0.7]
	at org.codehaus.groovy.runtime.callsite.AbstractCallSite.call(AbstractCallSite.java:125) ~[groovy-3.0.7.jar:3.0.7]
	at org.codehaus.groovy.runtime.callsite.AbstractCallSite.call(AbstractCallSite.java:139) ~[groovy-3.0.7.jar:3.0.7]
	at io.restassured.internal.mapping.Jackson2Mapper.deserialize(Jackson2Mapper.groovy:58) ~[rest-assured-4.2.0.jar:?]
	at io.restassured.mapper.ObjectMapper$deserialize$0.call(Unknown Source) ~[?:?]
	at org.codehaus.groovy.runtime.callsite.CallSiteArray.defaultCall(CallSiteArray.java:47) ~[groovy-3.0.7.jar:3.0.7]
	at org.codehaus.groovy.runtime.callsite.AbstractCallSite.call(AbstractCallSite.java:125) ~[groovy-3.0.7.jar:3.0.7]
	at org.codehaus.groovy.runtime.callsite.AbstractCallSite.call(AbstractCallSite.java:139) ~[groovy-3.0.7.jar:3.0.7]
	at io.restassured.internal.mapping.ObjectMapping.parseWithJackson2(ObjectMapping.groovy:238) ~[rest-assured-4.2.0.jar:?]
	at io.restassured.internal.mapping.ObjectMapping$parseWithJackson2$1.callStatic(Unknown Source) ~[?:?]
	at org.codehaus.groovy.runtime.callsite.CallSiteArray.defaultCallStatic(CallSiteArray.java:55) ~[groovy-3.0.7.jar:3.0.7]
	at org.codehaus.groovy.runtime.callsite.AbstractCallSite.callStatic(AbstractCallSite.java:217) ~[groovy-3.0.7.jar:3.0.7]
	at org.codehaus.groovy.runtime.callsite.AbstractCallSite.callStatic(AbstractCallSite.java:240) ~[groovy-3.0.7.jar:3.0.7]
	at io.restassured.internal.mapping.ObjectMapping.deserialize(ObjectMapping.groovy:59) ~[rest-assured-4.2.0.jar:?]
	at io.restassured.internal.mapping.ObjectMapping$deserialize$0.call(Unknown Source) ~[?:?]
	at org.codehaus.groovy.runtime.callsite.CallSiteArray.defaultCall(CallSiteArray.java:47) ~[groovy-3.0.7.jar:3.0.7]
	at org.codehaus.groovy.runtime.callsite.AbstractCallSite.call(AbstractCallSite.java:125) ~[groovy-3.0.7.jar:3.0.7]
	at io.restassured.internal.RestAssuredResponseOptionsGroovyImpl.as(RestAssuredResponseOptionsGroovyImpl.groovy:226) ~[rest-assured-4.2.0.jar:?]
	at io.restassured.internal.RestAssuredResponseOptionsImpl.as(RestAssuredResponseOptionsImpl.java:169) ~[rest-assured-4.2.0.jar:?]
	at api.service.BookingService.createBooking(BookingService.java:11) ~[test-classes/:?]
	at api.tests.BookerTest.createBookingTest(BookerTest.java:16) ~[test-classes/:?]
	at sun.reflect.NativeMethodAccessorImpl.invoke0(Native Method) ~[?:1.8.0_341]
	at sun.reflect.NativeMethodAccessorImpl.invoke(NativeMethodAccessorImpl.java:62) ~[?:1.8.0_341]
	at sun.reflect.DelegatingMethodAccessorImpl.invoke(DelegatingMethodAccessorImpl.java:43) ~[?:1.8.0_341]
	at java.lang.reflect.Method.invoke(Method.java:498) ~[?:1.8.0_341]
	at org.testng.internal.MethodInvocationHelper.invokeMethod(MethodInvocationHelper.java:132) ~[testng-7.3.0.jar:?]
	at org.testng.internal.TestInvoker.invokeMethod(TestInvoker.java:599) ~[testng-7.3.0.jar:?]
	at org.testng.internal.TestInvoker.invokeTestMethod(TestInvoker.java:174) ~[testng-7.3.0.jar:?]
	at org.testng.internal.MethodRunner.runInSequence(MethodRunner.java:46) ~[testng-7.3.0.jar:?]
	at org.testng.internal.TestInvoker$MethodInvocationAgent.invoke(TestInvoker.java:822) ~[testng-7.3.0.jar:?]
	at org.testng.internal.TestInvoker.invokeTestMethods(TestInvoker.java:147) ~[testng-7.3.0.jar:?]
	at org.testng.internal.TestMethodWorker.invokeTestMethods(TestMethodWorker.java:146) ~[testng-7.3.0.jar:?]
	at org.testng.internal.TestMethodWorker.run(TestMethodWorker.java:128) ~[testng-7.3.0.jar:?]
	at java.util.ArrayList.forEach(ArrayList.java:1259) [?:1.8.0_341]
	at org.testng.TestRunner.privateRun(TestRunner.java:764) [testng-7.3.0.jar:?]
	at org.testng.TestRunner.run(TestRunner.java:585) [testng-7.3.0.jar:?]
	at org.testng.SuiteRunner.runTest(SuiteRunner.java:384) [testng-7.3.0.jar:?]
	at org.testng.SuiteRunner.runSequentially(SuiteRunner.java:378) [testng-7.3.0.jar:?]
	at org.testng.SuiteRunner.privateRun(SuiteRunner.java:337) [testng-7.3.0.jar:?]
	at org.testng.SuiteRunner.run(SuiteRunner.java:286) [testng-7.3.0.jar:?]
	at org.testng.SuiteRunnerWorker.runSuite(SuiteRunnerWorker.java:53) [testng-7.3.0.jar:?]
	at org.testng.SuiteRunnerWorker.run(SuiteRunnerWorker.java:96) [testng-7.3.0.jar:?]
	at org.testng.TestNG.runSuitesSequentially(TestNG.java:1218) [testng-7.3.0.jar:?]
	at org.testng.TestNG.runSuitesLocally(TestNG.java:1140) [testng-7.3.0.jar:?]
	at org.testng.TestNG.runSuites(TestNG.java:1069) [testng-7.3.0.jar:?]
	at org.testng.TestNG.run(TestNG.java:1037) [testng-7.3.0.jar:?]
	at com.intellij.rt.testng.IDEARemoteTestNG.run(IDEARemoteTestNG.java:66) [testng-rt.jar:?]
	at com.intellij.rt.testng.RemoteTestNGStarter.main(RemoteTestNGStarter.java:109) [testng-rt.jar:?]
2022-11-15 13:43:44.557 [main] INFO  TestListener - START api.tests.BookerTest.createBookingTest
2022-11-15 13:43:47.244 [main] INFO  TestListener - PASS  api.tests.BookerTest.createBookingTest
2022-11-15 13:51:08.167 [main] INFO  TestListener - START api.tests.BookerTest.createBookingTest
2022-11-15 13:51:11.779 [main] INFO  TestListener - PASS  api.tests.BookerTest.createBookingTest
2022-11-15 14:33:30.885 [main] DEBUG AbstractDriver - Browser Capabilities: Capabilities {acceptInsecureCerts: true, browserName: firefox}
2022-11-15 14:33:31.053 [main] INFO  TestListener - START web.wikipedia.tests.EnglishCountiesTest.exploring_english_counties_data
2022-11-15 14:33:31.063 [main] WARN  TestListener - SKIP  web.wikipedia.tests.EnglishCountiesTest.exploring_english_counties_data
2022-11-15 14:33:31.063 [main] ERROR TestListener - FAIL  web.wikipedia.tests.EnglishCountiesTest.exploring_english_counties_data
2022-11-15 14:33:31.063 [main] ERROR TestListener - null
java.lang.NullPointerException: null
	at com.frameworkium.core.ui.driver.lifecycle.SingleUseDriverLifecycle.getWebDriver(SingleUseDriverLifecycle.java:35) ~[frameworkium-core-3.0.1.jar:?]
	at com.frameworkium.core.ui.UITestLifecycle.getWebDriver(UITestLifecycle.java:138) ~[frameworkium-core-3.0.1.jar:?]
	at com.frameworkium.core.ui.listeners.ScreenshotListener.takeScreenshotAndSaveLocally(ScreenshotListener.java:42) ~[frameworkium-core-3.0.1.jar:?]
	at com.frameworkium.core.ui.listeners.ScreenshotListener.onTestSkipped(ScreenshotListener.java:36) ~[frameworkium-core-3.0.1.jar:?]
	at org.testng.internal.TestListenerHelper.runTestListeners(TestListenerHelper.java:87) ~[testng-7.3.0.jar:?]
	at org.testng.internal.TestInvoker.runTestResultListener(TestInvoker.java:220) ~[testng-7.3.0.jar:?]
	at org.testng.internal.TestInvoker.invokeListenersForSkippedTestResult(TestInvoker.java:447) ~[testng-7.3.0.jar:?]
	at org.testng.internal.TestInvoker.invokeMethod(TestInvoker.java:547) ~[testng-7.3.0.jar:?]
	at org.testng.internal.TestInvoker.invokeTestMethod(TestInvoker.java:174) ~[testng-7.3.0.jar:?]
	at org.testng.internal.MethodRunner.runInSequence(MethodRunner.java:46) ~[testng-7.3.0.jar:?]
	at org.testng.internal.TestInvoker$MethodInvocationAgent.invoke(TestInvoker.java:822) ~[testng-7.3.0.jar:?]
	at org.testng.internal.TestInvoker.invokeTestMethods(TestInvoker.java:147) ~[testng-7.3.0.jar:?]
	at org.testng.internal.TestMethodWorker.invokeTestMethods(TestMethodWorker.java:146) ~[testng-7.3.0.jar:?]
	at org.testng.internal.TestMethodWorker.run(TestMethodWorker.java:128) ~[testng-7.3.0.jar:?]
	at java.util.ArrayList.forEach(ArrayList.java:1259) [?:1.8.0_341]
	at org.testng.TestRunner.privateRun(TestRunner.java:764) [testng-7.3.0.jar:?]
	at org.testng.TestRunner.run(TestRunner.java:585) [testng-7.3.0.jar:?]
	at org.testng.SuiteRunner.runTest(SuiteRunner.java:384) [testng-7.3.0.jar:?]
	at org.testng.SuiteRunner.runSequentially(SuiteRunner.java:378) [testng-7.3.0.jar:?]
	at org.testng.SuiteRunner.privateRun(SuiteRunner.java:337) [testng-7.3.0.jar:?]
	at org.testng.SuiteRunner.run(SuiteRunner.java:286) [testng-7.3.0.jar:?]
	at org.testng.SuiteRunnerWorker.runSuite(SuiteRunnerWorker.java:53) [testng-7.3.0.jar:?]
	at org.testng.SuiteRunnerWorker.run(SuiteRunnerWorker.java:96) [testng-7.3.0.jar:?]
	at org.testng.TestNG.runSuitesSequentially(TestNG.java:1218) [testng-7.3.0.jar:?]
	at org.testng.TestNG.runSuitesLocally(TestNG.java:1140) [testng-7.3.0.jar:?]
	at org.testng.TestNG.runSuites(TestNG.java:1069) [testng-7.3.0.jar:?]
	at org.testng.TestNG.run(TestNG.java:1037) [testng-7.3.0.jar:?]
	at com.intellij.rt.testng.IDEARemoteTestNG.run(IDEARemoteTestNG.java:66) [testng-rt.jar:?]
	at com.intellij.rt.testng.RemoteTestNGStarter.main(RemoteTestNGStarter.java:109) [testng-rt.jar:?]
